CRITICAL - 2023-11-13 13:39:30 --> A non-numeric value encountered
in APPPATH/Views/affichage_scenarios.php on line 68.
 1 APPPATH/Views/affichage_scenarios.php(68): CodeIgniter\Debug\Exceptions->errorHandler()
 2 SYSTEMPATH/View/View.php(228): include('/home/2023DIFAL3/e22206510/public_html/V1/ci/app/Views/affichage_scenarios.php')
 3 SYSTEMPATH/View/View.php(231): CodeIgniter\View\View->CodeIgniter\View\{closure}()
 4 SYSTEMPATH/Common.php(1190): CodeIgniter\View\View->render()
 5 APPPATH/Controllers/Scenario.php(21): view()
 6 SYSTEMPATH/CodeIgniter.php(942): App\Controllers\Scenario->lister()
 7 SYSTEMPATH/CodeIgniter.php(502): CodeIgniter\CodeIgniter->runController()
 8 SYSTEMPATH/CodeIgniter.php(361): CodeIgniter\CodeIgniter->handleRequest()
 9 FCPATH/index.php(79): CodeIgniter\CodeIgniter->run()
CRITICAL - 2023-11-13 13:39:30 --> Uncaught ErrorException: chmod() has been disabled for security reasons in /home/2023DIFAL3/e22206510/public_html/V1/ci/system/Log/Handlers/FileHandler.php:119
Stack trace:
#0 [internal function]: CodeIgniter\Debug\Exceptions->errorHandler()
#1 /home/2023DIFAL3/e22206510/public_html/V1/ci/system/Log/Handlers/FileHandler.php(119): chmod()
#2 /home/2023DIFAL3/e22206510/public_html/V1/ci/system/Log/Logger.php(294): CodeIgniter\Log\Handlers\FileHandler->handle()
#3 /home/2023DIFAL3/e22206510/public_html/V1/ci/system/Common.php(810): CodeIgniter\Log\Logger->log()
#4 /home/2023DIFAL3/e22206510/public_html/V1/ci/system/Debug/Exceptions.php(133): log_message()
#5 [internal function]: CodeIgniter\Debug\Exceptions->exceptionHandler()
#6 {main}
  thrown
ã€Previous Exceptionã€‘
ErrorException
A non-numeric value encountered
#0 /home/2023DIFAL3/e22206510/public_html/V1/ci/app/Views/affichage_scenarios.php(68): CodeIgniter\Debug\Exceptions->errorHandler()
#1 /home/2023DIFAL3/e22206510/public_html/V1/ci/system/View/View.php(228): include('/home/2023DIFAL...')
#2 /home/2023DIFAL3/e22206510/public_html/V1/ci/system/View/View.php(231): CodeIgniter\View\View->CodeIgniter\View\{closure}()
#3 /home/2023DIFAL3/e22206510/public_html/V1/ci/system/Common.php(1190): CodeIgniter\View\View->render()
#4 /home/2023DIFAL3/e22206510/public_html/V1/ci/app/Controllers/Scenario.php(21): view()
#5 /home/2023DIFAL3/e22206510/public_html/V1/ci/system/CodeIgniter.php(942): App\Controllers\Scenario->lister()
#6 /home/2023DIFAL3/e22206510/public_html/V1/ci/system/CodeIgniter.php(502): CodeIgniter\CodeIgniter->runController()
#7 /home/2023DIFAL3/e22206510/public_html/V1/ci/system/CodeIgniter.php(361): CodeIgniter\CodeIgniter->handleRequest()
#8 /home/2023DIFAL3/e22206510/public_html/V1/ci/public/index.php(79): CodeIgniter\CodeIgniter->run()
#9 {main}
in SYSTEMPATH/Log/Handlers/FileHandler.php on line 119.
 1 [internal function]: CodeIgniter\Debug\Exceptions->shutdownHandler()
CRITICAL - 2023-11-13 13:40:04 --> A non-numeric value encountered
in APPPATH/Views/affichage_scenarios.php on line 75.
 1 APPPATH/Views/affichage_scenarios.php(75): CodeIgniter\Debug\Exceptions->errorHandler()
 2 SYSTEMPATH/View/View.php(228): include('/home/2023DIFAL3/e22206510/public_html/V1/ci/app/Views/affichage_scenarios.php')
 3 SYSTEMPATH/View/View.php(231): CodeIgniter\View\View->CodeIgniter\View\{closure}()
 4 SYSTEMPATH/Common.php(1190): CodeIgniter\View\View->render()
 5 APPPATH/Controllers/Scenario.php(21): view()
 6 SYSTEMPATH/CodeIgniter.php(942): App\Controllers\Scenario->lister()
 7 SYSTEMPATH/CodeIgniter.php(502): CodeIgniter\CodeIgniter->runController()
 8 SYSTEMPATH/CodeIgniter.php(361): CodeIgniter\CodeIgniter->handleRequest()
 9 FCPATH/index.php(79): CodeIgniter\CodeIgniter->run()
CRITICAL - 2023-11-13 13:40:47 --> A non-numeric value encountered
in APPPATH/Views/affichage_scenarios.php on line 68.
 1 APPPATH/Views/affichage_scenarios.php(68): CodeIgniter\Debug\Exceptions->errorHandler()
 2 SYSTEMPATH/View/View.php(228): include('/home/2023DIFAL3/e22206510/public_html/V1/ci/app/Views/affichage_scenarios.php')
 3 SYSTEMPATH/View/View.php(231): CodeIgniter\View\View->CodeIgniter\View\{closure}()
 4 SYSTEMPATH/Common.php(1190): CodeIgniter\View\View->render()
 5 APPPATH/Controllers/Scenario.php(21): view()
 6 SYSTEMPATH/CodeIgniter.php(942): App\Controllers\Scenario->lister()
 7 SYSTEMPATH/CodeIgniter.php(502): CodeIgniter\CodeIgniter->runController()
 8 SYSTEMPATH/CodeIgniter.php(361): CodeIgniter\CodeIgniter->handleRequest()
 9 FCPATH/index.php(79): CodeIgniter\CodeIgniter->run()
CRITICAL - 2023-11-13 13:40:54 --> A non-numeric value encountered
in APPPATH/Views/affichage_scenarios.php on line 68.
 1 APPPATH/Views/affichage_scenarios.php(68): CodeIgniter\Debug\Exceptions->errorHandler()
 2 SYSTEMPATH/View/View.php(228): include('/home/2023DIFAL3/e22206510/public_html/V1/ci/app/Views/affichage_scenarios.php')
 3 SYSTEMPATH/View/View.php(231): CodeIgniter\View\View->CodeIgniter\View\{closure}()
 4 SYSTEMPATH/Common.php(1190): CodeIgniter\View\View->render()
 5 APPPATH/Controllers/Scenario.php(21): view()
 6 SYSTEMPATH/CodeIgniter.php(942): App\Controllers\Scenario->lister()
 7 SYSTEMPATH/CodeIgniter.php(502): CodeIgniter\CodeIgniter->runController()
 8 SYSTEMPATH/CodeIgniter.php(361): CodeIgniter\CodeIgniter->handleRequest()
 9 FCPATH/index.php(79): CodeIgniter\CodeIgniter->run()
CRITICAL - 2023-11-13 13:41:24 --> A non-numeric value encountered
in APPPATH/Views/affichage_scenarios.php on line 68.
 1 APPPATH/Views/affichage_scenarios.php(68): CodeIgniter\Debug\Exceptions->errorHandler()
 2 SYSTEMPATH/View/View.php(228): include('/home/2023DIFAL3/e22206510/public_html/V1/ci/app/Views/affichage_scenarios.php')
 3 SYSTEMPATH/View/View.php(231): CodeIgniter\View\View->CodeIgniter\View\{closure}()
 4 SYSTEMPATH/Common.php(1190): CodeIgniter\View\View->render()
 5 APPPATH/Controllers/Scenario.php(21): view()
 6 SYSTEMPATH/CodeIgniter.php(942): App\Controllers\Scenario->lister()
 7 SYSTEMPATH/CodeIgniter.php(502): CodeIgniter\CodeIgniter->runController()
 8 SYSTEMPATH/CodeIgniter.php(361): CodeIgniter\CodeIgniter->handleRequest()
 9 FCPATH/index.php(79): CodeIgniter\CodeIgniter->run()
CRITICAL - 2023-11-13 13:42:34 --> A non-numeric value encountered
in APPPATH/Views/affichage_scenarios.php on line 75.
 1 APPPATH/Views/affichage_scenarios.php(75): CodeIgniter\Debug\Exceptions->errorHandler()
 2 SYSTEMPATH/View/View.php(228): include('/home/2023DIFAL3/e22206510/public_html/V1/ci/app/Views/affichage_scenarios.php')
 3 SYSTEMPATH/View/View.php(231): CodeIgniter\View\View->CodeIgniter\View\{closure}()
 4 SYSTEMPATH/Common.php(1190): CodeIgniter\View\View->render()
 5 APPPATH/Controllers/Scenario.php(21): view()
 6 SYSTEMPATH/CodeIgniter.php(942): App\Controllers\Scenario->lister()
 7 SYSTEMPATH/CodeIgniter.php(502): CodeIgniter\CodeIgniter->runController()
 8 SYSTEMPATH/CodeIgniter.php(361): CodeIgniter\CodeIgniter->handleRequest()
 9 FCPATH/index.php(79): CodeIgniter\CodeIgniter->run()
CRITICAL - 2023-11-13 13:42:44 --> A non-numeric value encountered
in APPPATH/Views/affichage_scenarios.php on line 75.
 1 APPPATH/Views/affichage_scenarios.php(75): CodeIgniter\Debug\Exceptions->errorHandler()
 2 SYSTEMPATH/View/View.php(228): include('/home/2023DIFAL3/e22206510/public_html/V1/ci/app/Views/affichage_scenarios.php')
 3 SYSTEMPATH/View/View.php(231): CodeIgniter\View\View->CodeIgniter\View\{closure}()
 4 SYSTEMPATH/Common.php(1190): CodeIgniter\View\View->render()
 5 APPPATH/Controllers/Scenario.php(21): view()
 6 SYSTEMPATH/CodeIgniter.php(942): App\Controllers\Scenario->lister()
 7 SYSTEMPATH/CodeIgniter.php(502): CodeIgniter\CodeIgniter->runController()
 8 SYSTEMPATH/CodeIgniter.php(361): CodeIgniter\CodeIgniter->handleRequest()
 9 FCPATH/index.php(79): CodeIgniter\CodeIgniter->run()
CRITICAL - 2023-11-13 13:42:55 --> A non-numeric value encountered
in APPPATH/Views/affichage_scenarios.php on line 68.
 1 APPPATH/Views/affichage_scenarios.php(68): CodeIgniter\Debug\Exceptions->errorHandler()
 2 SYSTEMPATH/View/View.php(228): include('/home/2023DIFAL3/e22206510/public_html/V1/ci/app/Views/affichage_scenarios.php')
 3 SYSTEMPATH/View/View.php(231): CodeIgniter\View\View->CodeIgniter\View\{closure}()
 4 SYSTEMPATH/Common.php(1190): CodeIgniter\View\View->render()
 5 APPPATH/Controllers/Scenario.php(21): view()
 6 SYSTEMPATH/CodeIgniter.php(942): App\Controllers\Scenario->lister()
 7 SYSTEMPATH/CodeIgniter.php(502): CodeIgniter\CodeIgniter->runController()
 8 SYSTEMPATH/CodeIgniter.php(361): CodeIgniter\CodeIgniter->handleRequest()
 9 FCPATH/index.php(79): CodeIgniter\CodeIgniter->run()
CRITICAL - 2023-11-13 13:45:43 --> A non-numeric value encountered
in APPPATH/Views/affichage_scenarios.php on line 68.
 1 APPPATH/Views/affichage_scenarios.php(68): CodeIgniter\Debug\Exceptions->errorHandler()
 2 SYSTEMPATH/View/View.php(228): include('/home/2023DIFAL3/e22206510/public_html/V1/ci/app/Views/affichage_scenarios.php')
 3 SYSTEMPATH/View/View.php(231): CodeIgniter\View\View->CodeIgniter\View\{closure}()
 4 SYSTEMPATH/Common.php(1190): CodeIgniter\View\View->render()
 5 APPPATH/Controllers/Scenario.php(21): view()
 6 SYSTEMPATH/CodeIgniter.php(942): App\Controllers\Scenario->lister()
 7 SYSTEMPATH/CodeIgniter.php(502): CodeIgniter\CodeIgniter->runController()
 8 SYSTEMPATH/CodeIgniter.php(361): CodeIgniter\CodeIgniter->handleRequest()
 9 FCPATH/index.php(79): CodeIgniter\CodeIgniter->run()
ERROR - 2023-11-13 14:13:14 --> mysqli_sql_exception: You have an error in your SQL syntax; check the manual that corresponds to your MariaDB server version for the right syntax to use near 'AND etp_numero = 1' at line 7 in /home/2023DIFAL3/e22206510/public_html/V1/ci/system/Database/MySQLi/Connection.php:306
Stack trace:
#0 /home/2023DIFAL3/e22206510/public_html/V1/ci/system/Database/MySQLi/Connection.php(306): mysqli->query()
#1 /home/2023DIFAL3/e22206510/public_html/V1/ci/system/Database/BaseConnection.php(693): CodeIgniter\Database\MySQLi\Connection->execute()
#2 /home/2023DIFAL3/e22206510/public_html/V1/ci/system/Database/BaseConnection.php(607): CodeIgniter\Database\BaseConnection->simpleQuery()
#3 /home/2023DIFAL3/e22206510/public_html/V1/ci/app/Models/Db_model.php(69): CodeIgniter\Database\BaseConnection->query()
#4 /home/2023DIFAL3/e22206510/public_html/V1/ci/app/Controllers/Scenario.php(35): App\Models\Db_model->get_first_etape()
#5 /home/2023DIFAL3/e22206510/public_html/V1/ci/system/CodeIgniter.php(942): App\Controllers\Scenario->afficher_1ere_etape()
#6 /home/2023DIFAL3/e22206510/public_html/V1/ci/system/CodeIgniter.php(502): CodeIgniter\CodeIgniter->runController()
#7 /home/2023DIFAL3/e22206510/public_html/V1/ci/system/CodeIgniter.php(361): CodeIgniter\CodeIgniter->handleRequest()
#8 /home/2023DIFAL3/e22206510/public_html/V1/ci/public/index.php(79): CodeIgniter\CodeIgniter->run()
#9 {main}
CRITICAL - 2023-11-13 14:13:14 --> You have an error in your SQL syntax; check the manual that corresponds to your MariaDB server version for the right syntax to use near 'AND etp_numero = 1' at line 7
in SYSTEMPATH/Database/BaseConnection.php on line 647.
 1 APPPATH/Models/Db_model.php(69): CodeIgniter\Database\BaseConnection->query()
 2 APPPATH/Controllers/Scenario.php(35): App\Models\Db_model->get_first_etape()
 3 SYSTEMPATH/CodeIgniter.php(942): App\Controllers\Scenario->afficher_1ere_etape()
 4 SYSTEMPATH/CodeIgniter.php(502): CodeIgniter\CodeIgniter->runController()
 5 SYSTEMPATH/CodeIgniter.php(361): CodeIgniter\CodeIgniter->handleRequest()
 6 FCPATH/index.php(79): CodeIgniter\CodeIgniter->run()
ERROR - 2023-11-13 14:14:15 --> mysqli_sql_exception: You have an error in your SQL syntax; check the manual that corresponds to your MariaDB server version for the right syntax to use near 'AND etp_numero = 1' at line 7 in /home/2023DIFAL3/e22206510/public_html/V1/ci/system/Database/MySQLi/Connection.php:306
Stack trace:
#0 /home/2023DIFAL3/e22206510/public_html/V1/ci/system/Database/MySQLi/Connection.php(306): mysqli->query()
#1 /home/2023DIFAL3/e22206510/public_html/V1/ci/system/Database/BaseConnection.php(693): CodeIgniter\Database\MySQLi\Connection->execute()
#2 /home/2023DIFAL3/e22206510/public_html/V1/ci/system/Database/BaseConnection.php(607): CodeIgniter\Database\BaseConnection->simpleQuery()
#3 /home/2023DIFAL3/e22206510/public_html/V1/ci/app/Models/Db_model.php(69): CodeIgniter\Database\BaseConnection->query()
#4 /home/2023DIFAL3/e22206510/public_html/V1/ci/app/Controllers/Scenario.php(35): App\Models\Db_model->get_first_etape()
#5 /home/2023DIFAL3/e22206510/public_html/V1/ci/system/CodeIgniter.php(942): App\Controllers\Scenario->afficher_1ere_etape()
#6 /home/2023DIFAL3/e22206510/public_html/V1/ci/system/CodeIgniter.php(502): CodeIgniter\CodeIgniter->runController()
#7 /home/2023DIFAL3/e22206510/public_html/V1/ci/system/CodeIgniter.php(361): CodeIgniter\CodeIgniter->handleRequest()
#8 /home/2023DIFAL3/e22206510/public_html/V1/ci/public/index.php(79): CodeIgniter\CodeIgniter->run()
#9 {main}
CRITICAL - 2023-11-13 14:14:15 --> You have an error in your SQL syntax; check the manual that corresponds to your MariaDB server version for the right syntax to use near 'AND etp_numero = 1' at line 7
in SYSTEMPATH/Database/BaseConnection.php on line 647.
 1 APPPATH/Models/Db_model.php(69): CodeIgniter\Database\BaseConnection->query()
 2 APPPATH/Controllers/Scenario.php(35): App\Models\Db_model->get_first_etape()
 3 SYSTEMPATH/CodeIgniter.php(942): App\Controllers\Scenario->afficher_1ere_etape()
 4 SYSTEMPATH/CodeIgniter.php(502): CodeIgniter\CodeIgniter->runController()
 5 SYSTEMPATH/CodeIgniter.php(361): CodeIgniter\CodeIgniter->handleRequest()
 6 FCPATH/index.php(79): CodeIgniter\CodeIgniter->run()
ERROR - 2023-11-13 14:17:23 --> mysqli_sql_exception: You have an error in your SQL syntax; check the manual that corresponds to your MariaDB server version for the right syntax to use near 'AND etp_numero = 1' at line 7 in /home/2023DIFAL3/e22206510/public_html/V1/ci/system/Database/MySQLi/Connection.php:306
Stack trace:
#0 /home/2023DIFAL3/e22206510/public_html/V1/ci/system/Database/MySQLi/Connection.php(306): mysqli->query()
#1 /home/2023DIFAL3/e22206510/public_html/V1/ci/system/Database/BaseConnection.php(693): CodeIgniter\Database\MySQLi\Connection->execute()
#2 /home/2023DIFAL3/e22206510/public_html/V1/ci/system/Database/BaseConnection.php(607): CodeIgniter\Database\BaseConnection->simpleQuery()
#3 /home/2023DIFAL3/e22206510/public_html/V1/ci/app/Models/Db_model.php(69): CodeIgniter\Database\BaseConnection->query()
#4 /home/2023DIFAL3/e22206510/public_html/V1/ci/app/Controllers/Scenario.php(35): App\Models\Db_model->get_first_etape()
#5 /home/2023DIFAL3/e22206510/public_html/V1/ci/system/CodeIgniter.php(942): App\Controllers\Scenario->afficher_1ere_etape()
#6 /home/2023DIFAL3/e22206510/public_html/V1/ci/system/CodeIgniter.php(502): CodeIgniter\CodeIgniter->runController()
#7 /home/2023DIFAL3/e22206510/public_html/V1/ci/system/CodeIgniter.php(361): CodeIgniter\CodeIgniter->handleRequest()
#8 /home/2023DIFAL3/e22206510/public_html/V1/ci/public/index.php(79): CodeIgniter\CodeIgniter->run()
#9 {main}
CRITICAL - 2023-11-13 14:17:23 --> You have an error in your SQL syntax; check the manual that corresponds to your MariaDB server version for the right syntax to use near 'AND etp_numero = 1' at line 7
in SYSTEMPATH/Database/BaseConnection.php on line 647.
 1 APPPATH/Models/Db_model.php(69): CodeIgniter\Database\BaseConnection->query()
 2 APPPATH/Controllers/Scenario.php(35): App\Models\Db_model->get_first_etape()
 3 SYSTEMPATH/CodeIgniter.php(942): App\Controllers\Scenario->afficher_1ere_etape()
 4 SYSTEMPATH/CodeIgniter.php(502): CodeIgniter\CodeIgniter->runController()
 5 SYSTEMPATH/CodeIgniter.php(361): CodeIgniter\CodeIgniter->handleRequest()
 6 FCPATH/index.php(79): CodeIgniter\CodeIgniter->run()
ERROR - 2023-11-13 14:18:57 --> mysqli_sql_exception: Unknown column 'F' in 'where clause' in /home/2023DIFAL3/e22206510/public_html/V1/ci/system/Database/MySQLi/Connection.php:306
Stack trace:
#0 /home/2023DIFAL3/e22206510/public_html/V1/ci/system/Database/MySQLi/Connection.php(306): mysqli->query()
#1 /home/2023DIFAL3/e22206510/public_html/V1/ci/system/Database/BaseConnection.php(693): CodeIgniter\Database\MySQLi\Connection->execute()
#2 /home/2023DIFAL3/e22206510/public_html/V1/ci/system/Database/BaseConnection.php(607): CodeIgniter\Database\BaseConnection->simpleQuery()
#3 /home/2023DIFAL3/e22206510/public_html/V1/ci/app/Models/Db_model.php(69): CodeIgniter\Database\BaseConnection->query()
#4 /home/2023DIFAL3/e22206510/public_html/V1/ci/app/Controllers/Scenario.php(35): App\Models\Db_model->get_first_etape()
#5 /home/2023DIFAL3/e22206510/public_html/V1/ci/system/CodeIgniter.php(942): App\Controllers\Scenario->afficher_1ere_etape()
#6 /home/2023DIFAL3/e22206510/public_html/V1/ci/system/CodeIgniter.php(502): CodeIgniter\CodeIgniter->runController()
#7 /home/2023DIFAL3/e22206510/public_html/V1/ci/system/CodeIgniter.php(361): CodeIgniter\CodeIgniter->handleRequest()
#8 /home/2023DIFAL3/e22206510/public_html/V1/ci/public/index.php(79): CodeIgniter\CodeIgniter->run()
#9 {main}
CRITICAL - 2023-11-13 14:18:57 --> Unknown column 'F' in 'where clause'
in SYSTEMPATH/Database/BaseConnection.php on line 647.
 1 APPPATH/Models/Db_model.php(69): CodeIgniter\Database\BaseConnection->query()
 2 APPPATH/Controllers/Scenario.php(35): App\Models\Db_model->get_first_etape()
 3 SYSTEMPATH/CodeIgniter.php(942): App\Controllers\Scenario->afficher_1ere_etape()
 4 SYSTEMPATH/CodeIgniter.php(502): CodeIgniter\CodeIgniter->runController()
 5 SYSTEMPATH/CodeIgniter.php(361): CodeIgniter\CodeIgniter->handleRequest()
 6 FCPATH/index.php(79): CodeIgniter\CodeIgniter->run()
ERROR - 2023-11-13 14:19:37 --> mysqli_sql_exception: Unknown column 'F' in 'where clause' in /home/2023DIFAL3/e22206510/public_html/V1/ci/system/Database/MySQLi/Connection.php:306
Stack trace:
#0 /home/2023DIFAL3/e22206510/public_html/V1/ci/system/Database/MySQLi/Connection.php(306): mysqli->query()
#1 /home/2023DIFAL3/e22206510/public_html/V1/ci/system/Database/BaseConnection.php(693): CodeIgniter\Database\MySQLi\Connection->execute()
#2 /home/2023DIFAL3/e22206510/public_html/V1/ci/system/Database/BaseConnection.php(607): CodeIgniter\Database\BaseConnection->simpleQuery()
#3 /home/2023DIFAL3/e22206510/public_html/V1/ci/app/Models/Db_model.php(69): CodeIgniter\Database\BaseConnection->query()
#4 /home/2023DIFAL3/e22206510/public_html/V1/ci/app/Controllers/Scenario.php(35): App\Models\Db_model->get_first_etape()
#5 /home/2023DIFAL3/e22206510/public_html/V1/ci/system/CodeIgniter.php(942): App\Controllers\Scenario->afficher_1ere_etape()
#6 /home/2023DIFAL3/e22206510/public_html/V1/ci/system/CodeIgniter.php(502): CodeIgniter\CodeIgniter->runController()
#7 /home/2023DIFAL3/e22206510/public_html/V1/ci/system/CodeIgniter.php(361): CodeIgniter\CodeIgniter->handleRequest()
#8 /home/2023DIFAL3/e22206510/public_html/V1/ci/public/index.php(79): CodeIgniter\CodeIgniter->run()
#9 {main}
CRITICAL - 2023-11-13 14:19:37 --> Unknown column 'F' in 'where clause'
in SYSTEMPATH/Database/BaseConnection.php on line 647.
 1 APPPATH/Models/Db_model.php(69): CodeIgniter\Database\BaseConnection->query()
 2 APPPATH/Controllers/Scenario.php(35): App\Models\Db_model->get_first_etape()
 3 SYSTEMPATH/CodeIgniter.php(942): App\Controllers\Scenario->afficher_1ere_etape()
 4 SYSTEMPATH/CodeIgniter.php(502): CodeIgniter\CodeIgniter->runController()
 5 SYSTEMPATH/CodeIgniter.php(361): CodeIgniter\CodeIgniter->handleRequest()
 6 FCPATH/index.php(79): CodeIgniter\CodeIgniter->run()
ERROR - 2023-11-13 14:21:53 --> mysqli_sql_exception: Unknown column 'F' in 'where clause' in /home/2023DIFAL3/e22206510/public_html/V1/ci/system/Database/MySQLi/Connection.php:306
Stack trace:
#0 /home/2023DIFAL3/e22206510/public_html/V1/ci/system/Database/MySQLi/Connection.php(306): mysqli->query()
#1 /home/2023DIFAL3/e22206510/public_html/V1/ci/system/Database/BaseConnection.php(693): CodeIgniter\Database\MySQLi\Connection->execute()
#2 /home/2023DIFAL3/e22206510/public_html/V1/ci/system/Database/BaseConnection.php(607): CodeIgniter\Database\BaseConnection->simpleQuery()
#3 /home/2023DIFAL3/e22206510/public_html/V1/ci/app/Models/Db_model.php(69): CodeIgniter\Database\BaseConnection->query()
#4 /home/2023DIFAL3/e22206510/public_html/V1/ci/app/Controllers/Scenario.php(35): App\Models\Db_model->get_first_etape()
#5 /home/2023DIFAL3/e22206510/public_html/V1/ci/system/CodeIgniter.php(942): App\Controllers\Scenario->afficher_1ere_etape()
#6 /home/2023DIFAL3/e22206510/public_html/V1/ci/system/CodeIgniter.php(502): CodeIgniter\CodeIgniter->runController()
#7 /home/2023DIFAL3/e22206510/public_html/V1/ci/system/CodeIgniter.php(361): CodeIgniter\CodeIgniter->handleRequest()
#8 /home/2023DIFAL3/e22206510/public_html/V1/ci/public/index.php(79): CodeIgniter\CodeIgniter->run()
#9 {main}
CRITICAL - 2023-11-13 14:21:53 --> Unknown column 'F' in 'where clause'
in SYSTEMPATH/Database/BaseConnection.php on line 647.
 1 APPPATH/Models/Db_model.php(69): CodeIgniter\Database\BaseConnection->query()
 2 APPPATH/Controllers/Scenario.php(35): App\Models\Db_model->get_first_etape()
 3 SYSTEMPATH/CodeIgniter.php(942): App\Controllers\Scenario->afficher_1ere_etape()
 4 SYSTEMPATH/CodeIgniter.php(502): CodeIgniter\CodeIgniter->runController()
 5 SYSTEMPATH/CodeIgniter.php(361): CodeIgniter\CodeIgniter->handleRequest()
 6 FCPATH/index.php(79): CodeIgniter\CodeIgniter->run()
ERROR - 2023-11-13 14:22:11 --> mysqli_sql_exception: Unknown column 'M' in 'where clause' in /home/2023DIFAL3/e22206510/public_html/V1/ci/system/Database/MySQLi/Connection.php:306
Stack trace:
#0 /home/2023DIFAL3/e22206510/public_html/V1/ci/system/Database/MySQLi/Connection.php(306): mysqli->query()
#1 /home/2023DIFAL3/e22206510/public_html/V1/ci/system/Database/BaseConnection.php(693): CodeIgniter\Database\MySQLi\Connection->execute()
#2 /home/2023DIFAL3/e22206510/public_html/V1/ci/system/Database/BaseConnection.php(607): CodeIgniter\Database\BaseConnection->simpleQuery()
#3 /home/2023DIFAL3/e22206510/public_html/V1/ci/app/Models/Db_model.php(69): CodeIgniter\Database\BaseConnection->query()
#4 /home/2023DIFAL3/e22206510/public_html/V1/ci/app/Controllers/Scenario.php(35): App\Models\Db_model->get_first_etape()
#5 /home/2023DIFAL3/e22206510/public_html/V1/ci/system/CodeIgniter.php(942): App\Controllers\Scenario->afficher_1ere_etape()
#6 /home/2023DIFAL3/e22206510/public_html/V1/ci/system/CodeIgniter.php(502): CodeIgniter\CodeIgniter->runController()
#7 /home/2023DIFAL3/e22206510/public_html/V1/ci/system/CodeIgniter.php(361): CodeIgniter\CodeIgniter->handleRequest()
#8 /home/2023DIFAL3/e22206510/public_html/V1/ci/public/index.php(79): CodeIgniter\CodeIgniter->run()
#9 {main}
CRITICAL - 2023-11-13 14:22:11 --> Unknown column 'M' in 'where clause'
in SYSTEMPATH/Database/BaseConnection.php on line 647.
 1 APPPATH/Models/Db_model.php(69): CodeIgniter\Database\BaseConnection->query()
 2 APPPATH/Controllers/Scenario.php(35): App\Models\Db_model->get_first_etape()
 3 SYSTEMPATH/CodeIgniter.php(942): App\Controllers\Scenario->afficher_1ere_etape()
 4 SYSTEMPATH/CodeIgniter.php(502): CodeIgniter\CodeIgniter->runController()
 5 SYSTEMPATH/CodeIgniter.php(361): CodeIgniter\CodeIgniter->handleRequest()
 6 FCPATH/index.php(79): CodeIgniter\CodeIgniter->run()
ERROR - 2023-11-13 14:22:16 --> mysqli_sql_exception: Unknown column 'D' in 'where clause' in /home/2023DIFAL3/e22206510/public_html/V1/ci/system/Database/MySQLi/Connection.php:306
Stack trace:
#0 /home/2023DIFAL3/e22206510/public_html/V1/ci/system/Database/MySQLi/Connection.php(306): mysqli->query()
#1 /home/2023DIFAL3/e22206510/public_html/V1/ci/system/Database/BaseConnection.php(693): CodeIgniter\Database\MySQLi\Connection->execute()
#2 /home/2023DIFAL3/e22206510/public_html/V1/ci/system/Database/BaseConnection.php(607): CodeIgniter\Database\BaseConnection->simpleQuery()
#3 /home/2023DIFAL3/e22206510/public_html/V1/ci/app/Models/Db_model.php(69): CodeIgniter\Database\BaseConnection->query()
#4 /home/2023DIFAL3/e22206510/public_html/V1/ci/app/Controllers/Scenario.php(35): App\Models\Db_model->get_first_etape()
#5 /home/2023DIFAL3/e22206510/public_html/V1/ci/system/CodeIgniter.php(942): App\Controllers\Scenario->afficher_1ere_etape()
#6 /home/2023DIFAL3/e22206510/public_html/V1/ci/system/CodeIgniter.php(502): CodeIgniter\CodeIgniter->runController()
#7 /home/2023DIFAL3/e22206510/public_html/V1/ci/system/CodeIgniter.php(361): CodeIgniter\CodeIgniter->handleRequest()
#8 /home/2023DIFAL3/e22206510/public_html/V1/ci/public/index.php(79): CodeIgniter\CodeIgniter->run()
#9 {main}
CRITICAL - 2023-11-13 14:22:16 --> Unknown column 'D' in 'where clause'
in SYSTEMPATH/Database/BaseConnection.php on line 647.
 1 APPPATH/Models/Db_model.php(69): CodeIgniter\Database\BaseConnection->query()
 2 APPPATH/Controllers/Scenario.php(35): App\Models\Db_model->get_first_etape()
 3 SYSTEMPATH/CodeIgniter.php(942): App\Controllers\Scenario->afficher_1ere_etape()
 4 SYSTEMPATH/CodeIgniter.php(502): CodeIgniter\CodeIgniter->runController()
 5 SYSTEMPATH/CodeIgniter.php(361): CodeIgniter\CodeIgniter->handleRequest()
 6 FCPATH/index.php(79): CodeIgniter\CodeIgniter->run()
ERROR - 2023-11-13 14:24:24 --> mysqli_sql_exception: Unknown column 'F' in 'where clause' in /home/2023DIFAL3/e22206510/public_html/V1/ci/system/Database/MySQLi/Connection.php:306
Stack trace:
#0 /home/2023DIFAL3/e22206510/public_html/V1/ci/system/Database/MySQLi/Connection.php(306): mysqli->query()
#1 /home/2023DIFAL3/e22206510/public_html/V1/ci/system/Database/BaseConnection.php(693): CodeIgniter\Database\MySQLi\Connection->execute()
#2 /home/2023DIFAL3/e22206510/public_html/V1/ci/system/Database/BaseConnection.php(607): CodeIgniter\Database\BaseConnection->simpleQuery()
#3 /home/2023DIFAL3/e22206510/public_html/V1/ci/app/Models/Db_model.php(69): CodeIgniter\Database\BaseConnection->query()
#4 /home/2023DIFAL3/e22206510/public_html/V1/ci/app/Controllers/Scenario.php(35): App\Models\Db_model->get_first_etape()
#5 /home/2023DIFAL3/e22206510/public_html/V1/ci/system/CodeIgniter.php(942): App\Controllers\Scenario->afficher_1ere_etape()
#6 /home/2023DIFAL3/e22206510/public_html/V1/ci/system/CodeIgniter.php(502): CodeIgniter\CodeIgniter->runController()
#7 /home/2023DIFAL3/e22206510/public_html/V1/ci/system/CodeIgniter.php(361): CodeIgniter\CodeIgniter->handleRequest()
#8 /home/2023DIFAL3/e22206510/public_html/V1/ci/public/index.php(79): CodeIgniter\CodeIgniter->run()
#9 {main}
CRITICAL - 2023-11-13 14:24:24 --> Unknown column 'F' in 'where clause'
in SYSTEMPATH/Database/BaseConnection.php on line 647.
 1 APPPATH/Models/Db_model.php(69): CodeIgniter\Database\BaseConnection->query()
 2 APPPATH/Controllers/Scenario.php(35): App\Models\Db_model->get_first_etape()
 3 SYSTEMPATH/CodeIgniter.php(942): App\Controllers\Scenario->afficher_1ere_etape()
 4 SYSTEMPATH/CodeIgniter.php(502): CodeIgniter\CodeIgniter->runController()
 5 SYSTEMPATH/CodeIgniter.php(361): CodeIgniter\CodeIgniter->handleRequest()
 6 FCPATH/index.php(79): CodeIgniter\CodeIgniter->run()
ERROR - 2023-11-13 14:26:52 --> mysqli_sql_exception: Unknown column 'F' in 'where clause' in /home/2023DIFAL3/e22206510/public_html/V1/ci/system/Database/MySQLi/Connection.php:306
Stack trace:
#0 /home/2023DIFAL3/e22206510/public_html/V1/ci/system/Database/MySQLi/Connection.php(306): mysqli->query()
#1 /home/2023DIFAL3/e22206510/public_html/V1/ci/system/Database/BaseConnection.php(693): CodeIgniter\Database\MySQLi\Connection->execute()
#2 /home/2023DIFAL3/e22206510/public_html/V1/ci/system/Database/BaseConnection.php(607): CodeIgniter\Database\BaseConnection->simpleQuery()
#3 /home/2023DIFAL3/e22206510/public_html/V1/ci/app/Models/Db_model.php(69): CodeIgniter\Database\BaseConnection->query()
#4 /home/2023DIFAL3/e22206510/public_html/V1/ci/app/Controllers/Scenario.php(35): App\Models\Db_model->get_first_etape()
#5 /home/2023DIFAL3/e22206510/public_html/V1/ci/system/CodeIgniter.php(942): App\Controllers\Scenario->afficher_1ere_etape()
#6 /home/2023DIFAL3/e22206510/public_html/V1/ci/system/CodeIgniter.php(502): CodeIgniter\CodeIgniter->runController()
#7 /home/2023DIFAL3/e22206510/public_html/V1/ci/system/CodeIgniter.php(361): CodeIgniter\CodeIgniter->handleRequest()
#8 /home/2023DIFAL3/e22206510/public_html/V1/ci/public/index.php(79): CodeIgniter\CodeIgniter->run()
#9 {main}
CRITICAL - 2023-11-13 14:26:52 --> Unknown column 'F' in 'where clause'
in SYSTEMPATH/Database/BaseConnection.php on line 647.
 1 APPPATH/Models/Db_model.php(69): CodeIgniter\Database\BaseConnection->query()
 2 APPPATH/Controllers/Scenario.php(35): App\Models\Db_model->get_first_etape()
 3 SYSTEMPATH/CodeIgniter.php(942): App\Controllers\Scenario->afficher_1ere_etape()
 4 SYSTEMPATH/CodeIgniter.php(502): CodeIgniter\CodeIgniter->runController()
 5 SYSTEMPATH/CodeIgniter.php(361): CodeIgniter\CodeIgniter->handleRequest()
 6 FCPATH/index.php(79): CodeIgniter\CodeIgniter->run()
ERROR - 2023-11-13 14:26:56 --> mysqli_sql_exception: Unknown column 'F' in 'where clause' in /home/2023DIFAL3/e22206510/public_html/V1/ci/system/Database/MySQLi/Connection.php:306
Stack trace:
#0 /home/2023DIFAL3/e22206510/public_html/V1/ci/system/Database/MySQLi/Connection.php(306): mysqli->query()
#1 /home/2023DIFAL3/e22206510/public_html/V1/ci/system/Database/BaseConnection.php(693): CodeIgniter\Database\MySQLi\Connection->execute()
#2 /home/2023DIFAL3/e22206510/public_html/V1/ci/system/Database/BaseConnection.php(607): CodeIgniter\Database\BaseConnection->simpleQuery()
#3 /home/2023DIFAL3/e22206510/public_html/V1/ci/app/Models/Db_model.php(69): CodeIgniter\Database\BaseConnection->query()
#4 /home/2023DIFAL3/e22206510/public_html/V1/ci/app/Controllers/Scenario.php(35): App\Models\Db_model->get_first_etape()
#5 /home/2023DIFAL3/e22206510/public_html/V1/ci/system/CodeIgniter.php(942): App\Controllers\Scenario->afficher_1ere_etape()
#6 /home/2023DIFAL3/e22206510/public_html/V1/ci/system/CodeIgniter.php(502): CodeIgniter\CodeIgniter->runController()
#7 /home/2023DIFAL3/e22206510/public_html/V1/ci/system/CodeIgniter.php(361): CodeIgniter\CodeIgniter->handleRequest()
#8 /home/2023DIFAL3/e22206510/public_html/V1/ci/public/index.php(79): CodeIgniter\CodeIgniter->run()
#9 {main}
CRITICAL - 2023-11-13 14:26:56 --> Unknown column 'F' in 'where clause'
in SYSTEMPATH/Database/BaseConnection.php on line 647.
 1 APPPATH/Models/Db_model.php(69): CodeIgniter\Database\BaseConnection->query()
 2 APPPATH/Controllers/Scenario.php(35): App\Models\Db_model->get_first_etape()
 3 SYSTEMPATH/CodeIgniter.php(942): App\Controllers\Scenario->afficher_1ere_etape()
 4 SYSTEMPATH/CodeIgniter.php(502): CodeIgniter\CodeIgniter->runController()
 5 SYSTEMPATH/CodeIgniter.php(361): CodeIgniter\CodeIgniter->handleRequest()
 6 FCPATH/index.php(79): CodeIgniter\CodeIgniter->run()
ERROR - 2023-11-13 14:27:00 --> mysqli_sql_exception: Unknown column 'D' in 'where clause' in /home/2023DIFAL3/e22206510/public_html/V1/ci/system/Database/MySQLi/Connection.php:306
Stack trace:
#0 /home/2023DIFAL3/e22206510/public_html/V1/ci/system/Database/MySQLi/Connection.php(306): mysqli->query()
#1 /home/2023DIFAL3/e22206510/public_html/V1/ci/system/Database/BaseConnection.php(693): CodeIgniter\Database\MySQLi\Connection->execute()
#2 /home/2023DIFAL3/e22206510/public_html/V1/ci/system/Database/BaseConnection.php(607): CodeIgniter\Database\BaseConnection->simpleQuery()
#3 /home/2023DIFAL3/e22206510/public_html/V1/ci/app/Models/Db_model.php(69): CodeIgniter\Database\BaseConnection->query()
#4 /home/2023DIFAL3/e22206510/public_html/V1/ci/app/Controllers/Scenario.php(35): App\Models\Db_model->get_first_etape()
#5 /home/2023DIFAL3/e22206510/public_html/V1/ci/system/CodeIgniter.php(942): App\Controllers\Scenario->afficher_1ere_etape()
#6 /home/2023DIFAL3/e22206510/public_html/V1/ci/system/CodeIgniter.php(502): CodeIgniter\CodeIgniter->runController()
#7 /home/2023DIFAL3/e22206510/public_html/V1/ci/system/CodeIgniter.php(361): CodeIgniter\CodeIgniter->handleRequest()
#8 /home/2023DIFAL3/e22206510/public_html/V1/ci/public/index.php(79): CodeIgniter\CodeIgniter->run()
#9 {main}
CRITICAL - 2023-11-13 14:27:00 --> Unknown column 'D' in 'where clause'
in SYSTEMPATH/Database/BaseConnection.php on line 647.
 1 APPPATH/Models/Db_model.php(69): CodeIgniter\Database\BaseConnection->query()
 2 APPPATH/Controllers/Scenario.php(35): App\Models\Db_model->get_first_etape()
 3 SYSTEMPATH/CodeIgniter.php(942): App\Controllers\Scenario->afficher_1ere_etape()
 4 SYSTEMPATH/CodeIgniter.php(502): CodeIgniter\CodeIgniter->runController()
 5 SYSTEMPATH/CodeIgniter.php(361): CodeIgniter\CodeIgniter->handleRequest()
 6 FCPATH/index.php(79): CodeIgniter\CodeIgniter->run()
ERROR - 2023-11-13 14:27:03 --> mysqli_sql_exception: Unknown column 'F' in 'where clause' in /home/2023DIFAL3/e22206510/public_html/V1/ci/system/Database/MySQLi/Connection.php:306
Stack trace:
#0 /home/2023DIFAL3/e22206510/public_html/V1/ci/system/Database/MySQLi/Connection.php(306): mysqli->query()
#1 /home/2023DIFAL3/e22206510/public_html/V1/ci/system/Database/BaseConnection.php(693): CodeIgniter\Database\MySQLi\Connection->execute()
#2 /home/2023DIFAL3/e22206510/public_html/V1/ci/system/Database/BaseConnection.php(607): CodeIgniter\Database\BaseConnection->simpleQuery()
#3 /home/2023DIFAL3/e22206510/public_html/V1/ci/app/Models/Db_model.php(69): CodeIgniter\Database\BaseConnection->query()
#4 /home/2023DIFAL3/e22206510/public_html/V1/ci/app/Controllers/Scenario.php(35): App\Models\Db_model->get_first_etape()
#5 /home/2023DIFAL3/e22206510/public_html/V1/ci/system/CodeIgniter.php(942): App\Controllers\Scenario->afficher_1ere_etape()
#6 /home/2023DIFAL3/e22206510/public_html/V1/ci/system/CodeIgniter.php(502): CodeIgniter\CodeIgniter->runController()
#7 /home/2023DIFAL3/e22206510/public_html/V1/ci/system/CodeIgniter.php(361): CodeIgniter\CodeIgniter->handleRequest()
#8 /home/2023DIFAL3/e22206510/public_html/V1/ci/public/index.php(79): CodeIgniter\CodeIgniter->run()
#9 {main}
CRITICAL - 2023-11-13 14:27:03 --> Unknown column 'F' in 'where clause'
in SYSTEMPATH/Database/BaseConnection.php on line 647.
 1 APPPATH/Models/Db_model.php(69): CodeIgniter\Database\BaseConnection->query()
 2 APPPATH/Controllers/Scenario.php(35): App\Models\Db_model->get_first_etape()
 3 SYSTEMPATH/CodeIgniter.php(942): App\Controllers\Scenario->afficher_1ere_etape()
 4 SYSTEMPATH/CodeIgniter.php(502): CodeIgniter\CodeIgniter->runController()
 5 SYSTEMPATH/CodeIgniter.php(361): CodeIgniter\CodeIgniter->handleRequest()
 6 FCPATH/index.php(79): CodeIgniter\CodeIgniter->run()
ERROR - 2023-11-13 14:29:09 --> mysqli_sql_exception: Unknown column 'F' in 'where clause' in /home/2023DIFAL3/e22206510/public_html/V1/ci/system/Database/MySQLi/Connection.php:306
Stack trace:
#0 /home/2023DIFAL3/e22206510/public_html/V1/ci/system/Database/MySQLi/Connection.php(306): mysqli->query()
#1 /home/2023DIFAL3/e22206510/public_html/V1/ci/system/Database/BaseConnection.php(693): CodeIgniter\Database\MySQLi\Connection->execute()
#2 /home/2023DIFAL3/e22206510/public_html/V1/ci/system/Database/BaseConnection.php(607): CodeIgniter\Database\BaseConnection->simpleQuery()
#3 /home/2023DIFAL3/e22206510/public_html/V1/ci/app/Models/Db_model.php(69): CodeIgniter\Database\BaseConnection->query()
#4 /home/2023DIFAL3/e22206510/public_html/V1/ci/app/Controllers/Scenario.php(35): App\Models\Db_model->get_first_etape()
#5 /home/2023DIFAL3/e22206510/public_html/V1/ci/system/CodeIgniter.php(942): App\Controllers\Scenario->afficher_1ere_etape()
#6 /home/2023DIFAL3/e22206510/public_html/V1/ci/system/CodeIgniter.php(502): CodeIgniter\CodeIgniter->runController()
#7 /home/2023DIFAL3/e22206510/public_html/V1/ci/system/CodeIgniter.php(361): CodeIgniter\CodeIgniter->handleRequest()
#8 /home/2023DIFAL3/e22206510/public_html/V1/ci/public/index.php(79): CodeIgniter\CodeIgniter->run()
#9 {main}
CRITICAL - 2023-11-13 14:29:09 --> Unknown column 'F' in 'where clause'
in SYSTEMPATH/Database/BaseConnection.php on line 647.
 1 APPPATH/Models/Db_model.php(69): CodeIgniter\Database\BaseConnection->query()
 2 APPPATH/Controllers/Scenario.php(35): App\Models\Db_model->get_first_etape()
 3 SYSTEMPATH/CodeIgniter.php(942): App\Controllers\Scenario->afficher_1ere_etape()
 4 SYSTEMPATH/CodeIgniter.php(502): CodeIgniter\CodeIgniter->runController()
 5 SYSTEMPATH/CodeIgniter.php(361): CodeIgniter\CodeIgniter->handleRequest()
 6 FCPATH/index.php(79): CodeIgniter\CodeIgniter->run()
