ERROR - 2023-11-14 06:59:19 --> mysqli_sql_exception: Unknown column 'F' in 'where clause' in /home/2023DIFAL3/e22206510/public_html/V1/ci/system/Database/MySQLi/Connection.php:306
Stack trace:
#0 /home/2023DIFAL3/e22206510/public_html/V1/ci/system/Database/MySQLi/Connection.php(306): mysqli->query()
#1 /home/2023DIFAL3/e22206510/public_html/V1/ci/system/Database/BaseConnection.php(693): CodeIgniter\Database\MySQLi\Connection->execute()
#2 /home/2023DIFAL3/e22206510/public_html/V1/ci/system/Database/BaseConnection.php(607): CodeIgniter\Database\BaseConnection->simpleQuery()
#3 /home/2023DIFAL3/e22206510/public_html/V1/ci/app/Models/Db_model.php(69): CodeIgniter\Database\BaseConnection->query()
#4 /home/2023DIFAL3/e22206510/public_html/V1/ci/app/Controllers/Scenario.php(35): App\Models\Db_model->get_first_etape()
#5 /home/2023DIFAL3/e22206510/public_html/V1/ci/system/CodeIgniter.php(942): App\Controllers\Scenario->afficher_1ere_etape()
#6 /home/2023DIFAL3/e22206510/public_html/V1/ci/system/CodeIgniter.php(502): CodeIgniter\CodeIgniter->runController()
#7 /home/2023DIFAL3/e22206510/public_html/V1/ci/system/CodeIgniter.php(361): CodeIgniter\CodeIgniter->handleRequest()
#8 /home/2023DIFAL3/e22206510/public_html/V1/ci/public/index.php(79): CodeIgniter\CodeIgniter->run()
#9 {main}
CRITICAL - 2023-11-14 06:59:19 --> chmod() has been disabled for security reasons
in SYSTEMPATH/Log/Handlers/FileHandler.php on line 119.
 1 [internal function]: CodeIgniter\Debug\Exceptions->errorHandler()
 2 SYSTEMPATH/Log/Handlers/FileHandler.php(119): chmod()
 3 SYSTEMPATH/Log/Logger.php(294): CodeIgniter\Log\Handlers\FileHandler->handle()
 4 SYSTEMPATH/Common.php(810): CodeIgniter\Log\Logger->log()
 5 SYSTEMPATH/Database/MySQLi/Connection.php(308): log_message()
 6 SYSTEMPATH/Database/BaseConnection.php(693): CodeIgniter\Database\MySQLi\Connection->execute()
 7 SYSTEMPATH/Database/BaseConnection.php(607): CodeIgniter\Database\BaseConnection->simpleQuery()
 8 APPPATH/Models/Db_model.php(69): CodeIgniter\Database\BaseConnection->query()
 9 APPPATH/Controllers/Scenario.php(35): App\Models\Db_model->get_first_etape()
10 SYSTEMPATH/CodeIgniter.php(942): App\Controllers\Scenario->afficher_1ere_etape()
11 SYSTEMPATH/CodeIgniter.php(502): CodeIgniter\CodeIgniter->runController()
12 SYSTEMPATH/CodeIgniter.php(361): CodeIgniter\CodeIgniter->handleRequest()
13 FCPATH/index.php(79): CodeIgniter\CodeIgniter->run()
CRITICAL - 2023-11-14 07:02:12 --> Call to undefined function bas_url()
in APPPATH/Views/affichage_1ere_etape.php on line 21.
 1 SYSTEMPATH/View/View.php(228): include()
 2 SYSTEMPATH/View/View.php(231): CodeIgniter\View\View->CodeIgniter\View\{closure}()
 3 SYSTEMPATH/Common.php(1190): CodeIgniter\View\View->render()
 4 APPPATH/Controllers/Scenario.php(37): view()
 5 SYSTEMPATH/CodeIgniter.php(942): App\Controllers\Scenario->afficher_1ere_etape()
 6 SYSTEMPATH/CodeIgniter.php(502): CodeIgniter\CodeIgniter->runController()
 7 SYSTEMPATH/CodeIgniter.php(361): CodeIgniter\CodeIgniter->handleRequest()
 8 FCPATH/index.php(79): CodeIgniter\CodeIgniter->run()
CRITICAL - 2023-11-14 07:02:57 --> Undefined property: stdClass::$intitule
in APPPATH/Views/affichage_1ere_etape.php on line 36.
 1 APPPATH/Views/affichage_1ere_etape.php(36): CodeIgniter\Debug\Exceptions->errorHandler()
 2 SYSTEMPATH/View/View.php(228): include('/home/2023DIFAL3/e22206510/public_html/V1/ci/app/Views/affichage_1ere_etape.php')
 3 SYSTEMPATH/View/View.php(231): CodeIgniter\View\View->CodeIgniter\View\{closure}()
 4 SYSTEMPATH/Common.php(1190): CodeIgniter\View\View->render()
 5 APPPATH/Controllers/Scenario.php(37): view()
 6 SYSTEMPATH/CodeIgniter.php(942): App\Controllers\Scenario->afficher_1ere_etape()
 7 SYSTEMPATH/CodeIgniter.php(502): CodeIgniter\CodeIgniter->runController()
 8 SYSTEMPATH/CodeIgniter.php(361): CodeIgniter\CodeIgniter->handleRequest()
 9 FCPATH/index.php(79): CodeIgniter\CodeIgniter->run()
CRITICAL - 2023-11-14 07:02:58 --> Undefined property: stdClass::$intitule
in APPPATH/Views/affichage_1ere_etape.php on line 36.
 1 APPPATH/Views/affichage_1ere_etape.php(36): CodeIgniter\Debug\Exceptions->errorHandler()
 2 SYSTEMPATH/View/View.php(228): include('/home/2023DIFAL3/e22206510/public_html/V1/ci/app/Views/affichage_1ere_etape.php')
 3 SYSTEMPATH/View/View.php(231): CodeIgniter\View\View->CodeIgniter\View\{closure}()
 4 SYSTEMPATH/Common.php(1190): CodeIgniter\View\View->render()
 5 APPPATH/Controllers/Scenario.php(37): view()
 6 SYSTEMPATH/CodeIgniter.php(942): App\Controllers\Scenario->afficher_1ere_etape()
 7 SYSTEMPATH/CodeIgniter.php(502): CodeIgniter\CodeIgniter->runController()
 8 SYSTEMPATH/CodeIgniter.php(361): CodeIgniter\CodeIgniter->handleRequest()
 9 FCPATH/index.php(79): CodeIgniter\CodeIgniter->run()
CRITICAL - 2023-11-14 07:08:05 --> Trying to get property 'rsc_url' of non-object
in APPPATH/Views/affichage_1ere_etape.php on line 21.
 1 APPPATH/Views/affichage_1ere_etape.php(21): CodeIgniter\Debug\Exceptions->errorHandler()
 2 SYSTEMPATH/View/View.php(228): include('/home/2023DIFAL3/e22206510/public_html/V1/ci/app/Views/affichage_1ere_etape.php')
 3 SYSTEMPATH/View/View.php(231): CodeIgniter\View\View->CodeIgniter\View\{closure}()
 4 SYSTEMPATH/Common.php(1190): CodeIgniter\View\View->render()
 5 APPPATH/Controllers/Scenario.php(37): view()
 6 SYSTEMPATH/CodeIgniter.php(942): App\Controllers\Scenario->afficher_1ere_etape()
 7 SYSTEMPATH/CodeIgniter.php(502): CodeIgniter\CodeIgniter->runController()
 8 SYSTEMPATH/CodeIgniter.php(361): CodeIgniter\CodeIgniter->handleRequest()
 9 FCPATH/index.php(79): CodeIgniter\CodeIgniter->run()
CRITICAL - 2023-11-14 07:08:10 --> Trying to get property 'rsc_url' of non-object
in APPPATH/Views/affichage_1ere_etape.php on line 21.
 1 APPPATH/Views/affichage_1ere_etape.php(21): CodeIgniter\Debug\Exceptions->errorHandler()
 2 SYSTEMPATH/View/View.php(228): include('/home/2023DIFAL3/e22206510/public_html/V1/ci/app/Views/affichage_1ere_etape.php')
 3 SYSTEMPATH/View/View.php(231): CodeIgniter\View\View->CodeIgniter\View\{closure}()
 4 SYSTEMPATH/Common.php(1190): CodeIgniter\View\View->render()
 5 APPPATH/Controllers/Scenario.php(37): view()
 6 SYSTEMPATH/CodeIgniter.php(942): App\Controllers\Scenario->afficher_1ere_etape()
 7 SYSTEMPATH/CodeIgniter.php(502): CodeIgniter\CodeIgniter->runController()
 8 SYSTEMPATH/CodeIgniter.php(361): CodeIgniter\CodeIgniter->handleRequest()
 9 FCPATH/index.php(79): CodeIgniter\CodeIgniter->run()
ERROR - 2023-11-14 08:08:29 --> mysqli_sql_exception: Unknown column 'F' in 'where clause' in /home/2023DIFAL3/e22206510/public_html/V1/ci/system/Database/MySQLi/Connection.php:306
Stack trace:
#0 /home/2023DIFAL3/e22206510/public_html/V1/ci/system/Database/MySQLi/Connection.php(306): mysqli->query()
#1 /home/2023DIFAL3/e22206510/public_html/V1/ci/system/Database/BaseConnection.php(693): CodeIgniter\Database\MySQLi\Connection->execute()
#2 /home/2023DIFAL3/e22206510/public_html/V1/ci/system/Database/BaseConnection.php(607): CodeIgniter\Database\BaseConnection->simpleQuery()
#3 /home/2023DIFAL3/e22206510/public_html/V1/ci/app/Models/Db_model.php(69): CodeIgniter\Database\BaseConnection->query()
#4 /home/2023DIFAL3/e22206510/public_html/V1/ci/app/Controllers/Scenario.php(35): App\Models\Db_model->get_first_etape()
#5 /home/2023DIFAL3/e22206510/public_html/V1/ci/system/CodeIgniter.php(942): App\Controllers\Scenario->afficher_1ere_etape()
#6 /home/2023DIFAL3/e22206510/public_html/V1/ci/system/CodeIgniter.php(502): CodeIgniter\CodeIgniter->runController()
#7 /home/2023DIFAL3/e22206510/public_html/V1/ci/system/CodeIgniter.php(361): CodeIgniter\CodeIgniter->handleRequest()
#8 /home/2023DIFAL3/e22206510/public_html/V1/ci/public/index.php(79): CodeIgniter\CodeIgniter->run()
#9 {main}
CRITICAL - 2023-11-14 08:08:29 --> Unknown column 'F' in 'where clause'
in SYSTEMPATH/Database/BaseConnection.php on line 647.
 1 APPPATH/Models/Db_model.php(69): CodeIgniter\Database\BaseConnection->query()
 2 APPPATH/Controllers/Scenario.php(35): App\Models\Db_model->get_first_etape()
 3 SYSTEMPATH/CodeIgniter.php(942): App\Controllers\Scenario->afficher_1ere_etape()
 4 SYSTEMPATH/CodeIgniter.php(502): CodeIgniter\CodeIgniter->runController()
 5 SYSTEMPATH/CodeIgniter.php(361): CodeIgniter\CodeIgniter->handleRequest()
 6 FCPATH/index.php(79): CodeIgniter\CodeIgniter->run()
ERROR - 2023-11-14 08:17:13 --> mysqli_sql_exception: Unknown column 'F' in 'where clause' in /home/2023DIFAL3/e22206510/public_html/V1/ci/system/Database/MySQLi/Connection.php:306
Stack trace:
#0 /home/2023DIFAL3/e22206510/public_html/V1/ci/system/Database/MySQLi/Connection.php(306): mysqli->query()
#1 /home/2023DIFAL3/e22206510/public_html/V1/ci/system/Database/BaseConnection.php(693): CodeIgniter\Database\MySQLi\Connection->execute()
#2 /home/2023DIFAL3/e22206510/public_html/V1/ci/system/Database/BaseConnection.php(607): CodeIgniter\Database\BaseConnection->simpleQuery()
#3 /home/2023DIFAL3/e22206510/public_html/V1/ci/app/Models/Db_model.php(69): CodeIgniter\Database\BaseConnection->query()
#4 /home/2023DIFAL3/e22206510/public_html/V1/ci/app/Controllers/Scenario.php(35): App\Models\Db_model->get_first_etape()
#5 /home/2023DIFAL3/e22206510/public_html/V1/ci/system/CodeIgniter.php(942): App\Controllers\Scenario->afficher_1ere_etape()
#6 /home/2023DIFAL3/e22206510/public_html/V1/ci/system/CodeIgniter.php(502): CodeIgniter\CodeIgniter->runController()
#7 /home/2023DIFAL3/e22206510/public_html/V1/ci/system/CodeIgniter.php(361): CodeIgniter\CodeIgniter->handleRequest()
#8 /home/2023DIFAL3/e22206510/public_html/V1/ci/public/index.php(79): CodeIgniter\CodeIgniter->run()
#9 {main}
CRITICAL - 2023-11-14 08:17:13 --> Unknown column 'F' in 'where clause'
in SYSTEMPATH/Database/BaseConnection.php on line 647.
 1 APPPATH/Models/Db_model.php(69): CodeIgniter\Database\BaseConnection->query()
 2 APPPATH/Controllers/Scenario.php(35): App\Models\Db_model->get_first_etape()
 3 SYSTEMPATH/CodeIgniter.php(942): App\Controllers\Scenario->afficher_1ere_etape()
 4 SYSTEMPATH/CodeIgniter.php(502): CodeIgniter\CodeIgniter->runController()
 5 SYSTEMPATH/CodeIgniter.php(361): CodeIgniter\CodeIgniter->handleRequest()
 6 FCPATH/index.php(79): CodeIgniter\CodeIgniter->run()
ERROR - 2023-11-14 08:18:23 --> mysqli_sql_exception: Unknown column 'idc_reponse' in 'field list' in /home/2023DIFAL3/e22206510/public_html/V1/ci/system/Database/MySQLi/Connection.php:306
Stack trace:
#0 /home/2023DIFAL3/e22206510/public_html/V1/ci/system/Database/MySQLi/Connection.php(306): mysqli->query()
#1 /home/2023DIFAL3/e22206510/public_html/V1/ci/system/Database/BaseConnection.php(693): CodeIgniter\Database\MySQLi\Connection->execute()
#2 /home/2023DIFAL3/e22206510/public_html/V1/ci/system/Database/BaseConnection.php(607): CodeIgniter\Database\BaseConnection->simpleQuery()
#3 /home/2023DIFAL3/e22206510/public_html/V1/ci/app/Models/Db_model.php(69): CodeIgniter\Database\BaseConnection->query()
#4 /home/2023DIFAL3/e22206510/public_html/V1/ci/app/Controllers/Scenario.php(35): App\Models\Db_model->get_first_etape()
#5 /home/2023DIFAL3/e22206510/public_html/V1/ci/system/CodeIgniter.php(942): App\Controllers\Scenario->afficher_1ere_etape()
#6 /home/2023DIFAL3/e22206510/public_html/V1/ci/system/CodeIgniter.php(502): CodeIgniter\CodeIgniter->runController()
#7 /home/2023DIFAL3/e22206510/public_html/V1/ci/system/CodeIgniter.php(361): CodeIgniter\CodeIgniter->handleRequest()
#8 /home/2023DIFAL3/e22206510/public_html/V1/ci/public/index.php(79): CodeIgniter\CodeIgniter->run()
#9 {main}
CRITICAL - 2023-11-14 08:18:23 --> Unknown column 'idc_reponse' in 'field list'
in SYSTEMPATH/Database/BaseConnection.php on line 647.
 1 APPPATH/Models/Db_model.php(69): CodeIgniter\Database\BaseConnection->query()
 2 APPPATH/Controllers/Scenario.php(35): App\Models\Db_model->get_first_etape()
 3 SYSTEMPATH/CodeIgniter.php(942): App\Controllers\Scenario->afficher_1ere_etape()
 4 SYSTEMPATH/CodeIgniter.php(502): CodeIgniter\CodeIgniter->runController()
 5 SYSTEMPATH/CodeIgniter.php(361): CodeIgniter\CodeIgniter->handleRequest()
 6 FCPATH/index.php(79): CodeIgniter\CodeIgniter->run()
ERROR - 2023-11-14 08:19:51 --> mysqli_sql_exception: Unknown column 'F' in 'where clause' in /home/2023DIFAL3/e22206510/public_html/V1/ci/system/Database/MySQLi/Connection.php:306
Stack trace:
#0 /home/2023DIFAL3/e22206510/public_html/V1/ci/system/Database/MySQLi/Connection.php(306): mysqli->query()
#1 /home/2023DIFAL3/e22206510/public_html/V1/ci/system/Database/BaseConnection.php(693): CodeIgniter\Database\MySQLi\Connection->execute()
#2 /home/2023DIFAL3/e22206510/public_html/V1/ci/system/Database/BaseConnection.php(607): CodeIgniter\Database\BaseConnection->simpleQuery()
#3 /home/2023DIFAL3/e22206510/public_html/V1/ci/app/Models/Db_model.php(69): CodeIgniter\Database\BaseConnection->query()
#4 /home/2023DIFAL3/e22206510/public_html/V1/ci/app/Controllers/Scenario.php(35): App\Models\Db_model->get_first_etape()
#5 /home/2023DIFAL3/e22206510/public_html/V1/ci/system/CodeIgniter.php(942): App\Controllers\Scenario->afficher_1ere_etape()
#6 /home/2023DIFAL3/e22206510/public_html/V1/ci/system/CodeIgniter.php(502): CodeIgniter\CodeIgniter->runController()
#7 /home/2023DIFAL3/e22206510/public_html/V1/ci/system/CodeIgniter.php(361): CodeIgniter\CodeIgniter->handleRequest()
#8 /home/2023DIFAL3/e22206510/public_html/V1/ci/public/index.php(79): CodeIgniter\CodeIgniter->run()
#9 {main}
CRITICAL - 2023-11-14 08:19:51 --> Unknown column 'F' in 'where clause'
in SYSTEMPATH/Database/BaseConnection.php on line 647.
 1 APPPATH/Models/Db_model.php(69): CodeIgniter\Database\BaseConnection->query()
 2 APPPATH/Controllers/Scenario.php(35): App\Models\Db_model->get_first_etape()
 3 SYSTEMPATH/CodeIgniter.php(942): App\Controllers\Scenario->afficher_1ere_etape()
 4 SYSTEMPATH/CodeIgniter.php(502): CodeIgniter\CodeIgniter->runController()
 5 SYSTEMPATH/CodeIgniter.php(361): CodeIgniter\CodeIgniter->handleRequest()
 6 FCPATH/index.php(79): CodeIgniter\CodeIgniter->run()
ERROR - 2023-11-14 08:19:53 --> mysqli_sql_exception: Unknown column 'F' in 'where clause' in /home/2023DIFAL3/e22206510/public_html/V1/ci/system/Database/MySQLi/Connection.php:306
Stack trace:
#0 /home/2023DIFAL3/e22206510/public_html/V1/ci/system/Database/MySQLi/Connection.php(306): mysqli->query()
#1 /home/2023DIFAL3/e22206510/public_html/V1/ci/system/Database/BaseConnection.php(693): CodeIgniter\Database\MySQLi\Connection->execute()
#2 /home/2023DIFAL3/e22206510/public_html/V1/ci/system/Database/BaseConnection.php(607): CodeIgniter\Database\BaseConnection->simpleQuery()
#3 /home/2023DIFAL3/e22206510/public_html/V1/ci/app/Models/Db_model.php(69): CodeIgniter\Database\BaseConnection->query()
#4 /home/2023DIFAL3/e22206510/public_html/V1/ci/app/Controllers/Scenario.php(35): App\Models\Db_model->get_first_etape()
#5 /home/2023DIFAL3/e22206510/public_html/V1/ci/system/CodeIgniter.php(942): App\Controllers\Scenario->afficher_1ere_etape()
#6 /home/2023DIFAL3/e22206510/public_html/V1/ci/system/CodeIgniter.php(502): CodeIgniter\CodeIgniter->runController()
#7 /home/2023DIFAL3/e22206510/public_html/V1/ci/system/CodeIgniter.php(361): CodeIgniter\CodeIgniter->handleRequest()
#8 /home/2023DIFAL3/e22206510/public_html/V1/ci/public/index.php(79): CodeIgniter\CodeIgniter->run()
#9 {main}
CRITICAL - 2023-11-14 08:19:53 --> Unknown column 'F' in 'where clause'
in SYSTEMPATH/Database/BaseConnection.php on line 647.
 1 APPPATH/Models/Db_model.php(69): CodeIgniter\Database\BaseConnection->query()
 2 APPPATH/Controllers/Scenario.php(35): App\Models\Db_model->get_first_etape()
 3 SYSTEMPATH/CodeIgniter.php(942): App\Controllers\Scenario->afficher_1ere_etape()
 4 SYSTEMPATH/CodeIgniter.php(502): CodeIgniter\CodeIgniter->runController()
 5 SYSTEMPATH/CodeIgniter.php(361): CodeIgniter\CodeIgniter->handleRequest()
 6 FCPATH/index.php(79): CodeIgniter\CodeIgniter->run()
ERROR - 2023-11-14 08:20:06 --> mysqli_sql_exception: Unknown column 'F' in 'where clause' in /home/2023DIFAL3/e22206510/public_html/V1/ci/system/Database/MySQLi/Connection.php:306
Stack trace:
#0 /home/2023DIFAL3/e22206510/public_html/V1/ci/system/Database/MySQLi/Connection.php(306): mysqli->query()
#1 /home/2023DIFAL3/e22206510/public_html/V1/ci/system/Database/BaseConnection.php(693): CodeIgniter\Database\MySQLi\Connection->execute()
#2 /home/2023DIFAL3/e22206510/public_html/V1/ci/system/Database/BaseConnection.php(607): CodeIgniter\Database\BaseConnection->simpleQuery()
#3 /home/2023DIFAL3/e22206510/public_html/V1/ci/app/Models/Db_model.php(69): CodeIgniter\Database\BaseConnection->query()
#4 /home/2023DIFAL3/e22206510/public_html/V1/ci/app/Controllers/Scenario.php(35): App\Models\Db_model->get_first_etape()
#5 /home/2023DIFAL3/e22206510/public_html/V1/ci/system/CodeIgniter.php(942): App\Controllers\Scenario->afficher_1ere_etape()
#6 /home/2023DIFAL3/e22206510/public_html/V1/ci/system/CodeIgniter.php(502): CodeIgniter\CodeIgniter->runController()
#7 /home/2023DIFAL3/e22206510/public_html/V1/ci/system/CodeIgniter.php(361): CodeIgniter\CodeIgniter->handleRequest()
#8 /home/2023DIFAL3/e22206510/public_html/V1/ci/public/index.php(79): CodeIgniter\CodeIgniter->run()
#9 {main}
CRITICAL - 2023-11-14 08:20:06 --> Unknown column 'F' in 'where clause'
in SYSTEMPATH/Database/BaseConnection.php on line 647.
 1 APPPATH/Models/Db_model.php(69): CodeIgniter\Database\BaseConnection->query()
 2 APPPATH/Controllers/Scenario.php(35): App\Models\Db_model->get_first_etape()
 3 SYSTEMPATH/CodeIgniter.php(942): App\Controllers\Scenario->afficher_1ere_etape()
 4 SYSTEMPATH/CodeIgniter.php(502): CodeIgniter\CodeIgniter->runController()
 5 SYSTEMPATH/CodeIgniter.php(361): CodeIgniter\CodeIgniter->handleRequest()
 6 FCPATH/index.php(79): CodeIgniter\CodeIgniter->run()
ERROR - 2023-11-14 08:21:01 --> mysqli_sql_exception: Unknown column 'F' in 'where clause' in /home/2023DIFAL3/e22206510/public_html/V1/ci/system/Database/MySQLi/Connection.php:306
Stack trace:
#0 /home/2023DIFAL3/e22206510/public_html/V1/ci/system/Database/MySQLi/Connection.php(306): mysqli->query()
#1 /home/2023DIFAL3/e22206510/public_html/V1/ci/system/Database/BaseConnection.php(693): CodeIgniter\Database\MySQLi\Connection->execute()
#2 /home/2023DIFAL3/e22206510/public_html/V1/ci/system/Database/BaseConnection.php(607): CodeIgniter\Database\BaseConnection->simpleQuery()
#3 /home/2023DIFAL3/e22206510/public_html/V1/ci/app/Models/Db_model.php(69): CodeIgniter\Database\BaseConnection->query()
#4 /home/2023DIFAL3/e22206510/public_html/V1/ci/app/Controllers/Scenario.php(35): App\Models\Db_model->get_first_etape()
#5 /home/2023DIFAL3/e22206510/public_html/V1/ci/system/CodeIgniter.php(942): App\Controllers\Scenario->afficher_1ere_etape()
#6 /home/2023DIFAL3/e22206510/public_html/V1/ci/system/CodeIgniter.php(502): CodeIgniter\CodeIgniter->runController()
#7 /home/2023DIFAL3/e22206510/public_html/V1/ci/system/CodeIgniter.php(361): CodeIgniter\CodeIgniter->handleRequest()
#8 /home/2023DIFAL3/e22206510/public_html/V1/ci/public/index.php(79): CodeIgniter\CodeIgniter->run()
#9 {main}
CRITICAL - 2023-11-14 08:21:01 --> Unknown column 'F' in 'where clause'
in SYSTEMPATH/Database/BaseConnection.php on line 647.
 1 APPPATH/Models/Db_model.php(69): CodeIgniter\Database\BaseConnection->query()
 2 APPPATH/Controllers/Scenario.php(35): App\Models\Db_model->get_first_etape()
 3 SYSTEMPATH/CodeIgniter.php(942): App\Controllers\Scenario->afficher_1ere_etape()
 4 SYSTEMPATH/CodeIgniter.php(502): CodeIgniter\CodeIgniter->runController()
 5 SYSTEMPATH/CodeIgniter.php(361): CodeIgniter\CodeIgniter->handleRequest()
 6 FCPATH/index.php(79): CodeIgniter\CodeIgniter->run()
ERROR - 2023-11-14 08:21:30 --> mysqli_sql_exception: Unknown column 'F' in 'where clause' in /home/2023DIFAL3/e22206510/public_html/V1/ci/system/Database/MySQLi/Connection.php:306
Stack trace:
#0 /home/2023DIFAL3/e22206510/public_html/V1/ci/system/Database/MySQLi/Connection.php(306): mysqli->query()
#1 /home/2023DIFAL3/e22206510/public_html/V1/ci/system/Database/BaseConnection.php(693): CodeIgniter\Database\MySQLi\Connection->execute()
#2 /home/2023DIFAL3/e22206510/public_html/V1/ci/system/Database/BaseConnection.php(607): CodeIgniter\Database\BaseConnection->simpleQuery()
#3 /home/2023DIFAL3/e22206510/public_html/V1/ci/app/Models/Db_model.php(69): CodeIgniter\Database\BaseConnection->query()
#4 /home/2023DIFAL3/e22206510/public_html/V1/ci/app/Controllers/Scenario.php(35): App\Models\Db_model->get_first_etape()
#5 /home/2023DIFAL3/e22206510/public_html/V1/ci/system/CodeIgniter.php(942): App\Controllers\Scenario->afficher_1ere_etape()
#6 /home/2023DIFAL3/e22206510/public_html/V1/ci/system/CodeIgniter.php(502): CodeIgniter\CodeIgniter->runController()
#7 /home/2023DIFAL3/e22206510/public_html/V1/ci/system/CodeIgniter.php(361): CodeIgniter\CodeIgniter->handleRequest()
#8 /home/2023DIFAL3/e22206510/public_html/V1/ci/public/index.php(79): CodeIgniter\CodeIgniter->run()
#9 {main}
CRITICAL - 2023-11-14 08:21:30 --> Unknown column 'F' in 'where clause'
in SYSTEMPATH/Database/BaseConnection.php on line 647.
 1 APPPATH/Models/Db_model.php(69): CodeIgniter\Database\BaseConnection->query()
 2 APPPATH/Controllers/Scenario.php(35): App\Models\Db_model->get_first_etape()
 3 SYSTEMPATH/CodeIgniter.php(942): App\Controllers\Scenario->afficher_1ere_etape()
 4 SYSTEMPATH/CodeIgniter.php(502): CodeIgniter\CodeIgniter->runController()
 5 SYSTEMPATH/CodeIgniter.php(361): CodeIgniter\CodeIgniter->handleRequest()
 6 FCPATH/index.php(79): CodeIgniter\CodeIgniter->run()
ERROR - 2023-11-14 08:21:32 --> mysqli_sql_exception: Unknown column 'M' in 'where clause' in /home/2023DIFAL3/e22206510/public_html/V1/ci/system/Database/MySQLi/Connection.php:306
Stack trace:
#0 /home/2023DIFAL3/e22206510/public_html/V1/ci/system/Database/MySQLi/Connection.php(306): mysqli->query()
#1 /home/2023DIFAL3/e22206510/public_html/V1/ci/system/Database/BaseConnection.php(693): CodeIgniter\Database\MySQLi\Connection->execute()
#2 /home/2023DIFAL3/e22206510/public_html/V1/ci/system/Database/BaseConnection.php(607): CodeIgniter\Database\BaseConnection->simpleQuery()
#3 /home/2023DIFAL3/e22206510/public_html/V1/ci/app/Models/Db_model.php(69): CodeIgniter\Database\BaseConnection->query()
#4 /home/2023DIFAL3/e22206510/public_html/V1/ci/app/Controllers/Scenario.php(35): App\Models\Db_model->get_first_etape()
#5 /home/2023DIFAL3/e22206510/public_html/V1/ci/system/CodeIgniter.php(942): App\Controllers\Scenario->afficher_1ere_etape()
#6 /home/2023DIFAL3/e22206510/public_html/V1/ci/system/CodeIgniter.php(502): CodeIgniter\CodeIgniter->runController()
#7 /home/2023DIFAL3/e22206510/public_html/V1/ci/system/CodeIgniter.php(361): CodeIgniter\CodeIgniter->handleRequest()
#8 /home/2023DIFAL3/e22206510/public_html/V1/ci/public/index.php(79): CodeIgniter\CodeIgniter->run()
#9 {main}
CRITICAL - 2023-11-14 08:21:32 --> Unknown column 'M' in 'where clause'
in SYSTEMPATH/Database/BaseConnection.php on line 647.
 1 APPPATH/Models/Db_model.php(69): CodeIgniter\Database\BaseConnection->query()
 2 APPPATH/Controllers/Scenario.php(35): App\Models\Db_model->get_first_etape()
 3 SYSTEMPATH/CodeIgniter.php(942): App\Controllers\Scenario->afficher_1ere_etape()
 4 SYSTEMPATH/CodeIgniter.php(502): CodeIgniter\CodeIgniter->runController()
 5 SYSTEMPATH/CodeIgniter.php(361): CodeIgniter\CodeIgniter->handleRequest()
 6 FCPATH/index.php(79): CodeIgniter\CodeIgniter->run()
ERROR - 2023-11-14 08:21:36 --> mysqli_sql_exception: Unknown column 'F' in 'where clause' in /home/2023DIFAL3/e22206510/public_html/V1/ci/system/Database/MySQLi/Connection.php:306
Stack trace:
#0 /home/2023DIFAL3/e22206510/public_html/V1/ci/system/Database/MySQLi/Connection.php(306): mysqli->query()
#1 /home/2023DIFAL3/e22206510/public_html/V1/ci/system/Database/BaseConnection.php(693): CodeIgniter\Database\MySQLi\Connection->execute()
#2 /home/2023DIFAL3/e22206510/public_html/V1/ci/system/Database/BaseConnection.php(607): CodeIgniter\Database\BaseConnection->simpleQuery()
#3 /home/2023DIFAL3/e22206510/public_html/V1/ci/app/Models/Db_model.php(69): CodeIgniter\Database\BaseConnection->query()
#4 /home/2023DIFAL3/e22206510/public_html/V1/ci/app/Controllers/Scenario.php(35): App\Models\Db_model->get_first_etape()
#5 /home/2023DIFAL3/e22206510/public_html/V1/ci/system/CodeIgniter.php(942): App\Controllers\Scenario->afficher_1ere_etape()
#6 /home/2023DIFAL3/e22206510/public_html/V1/ci/system/CodeIgniter.php(502): CodeIgniter\CodeIgniter->runController()
#7 /home/2023DIFAL3/e22206510/public_html/V1/ci/system/CodeIgniter.php(361): CodeIgniter\CodeIgniter->handleRequest()
#8 /home/2023DIFAL3/e22206510/public_html/V1/ci/public/index.php(79): CodeIgniter\CodeIgniter->run()
#9 {main}
CRITICAL - 2023-11-14 08:21:36 --> Unknown column 'F' in 'where clause'
in SYSTEMPATH/Database/BaseConnection.php on line 647.
 1 APPPATH/Models/Db_model.php(69): CodeIgniter\Database\BaseConnection->query()
 2 APPPATH/Controllers/Scenario.php(35): App\Models\Db_model->get_first_etape()
 3 SYSTEMPATH/CodeIgniter.php(942): App\Controllers\Scenario->afficher_1ere_etape()
 4 SYSTEMPATH/CodeIgniter.php(502): CodeIgniter\CodeIgniter->runController()
 5 SYSTEMPATH/CodeIgniter.php(361): CodeIgniter\CodeIgniter->handleRequest()
 6 FCPATH/index.php(79): CodeIgniter\CodeIgniter->run()
ERROR - 2023-11-14 08:26:20 --> mysqli_sql_exception: Unknown column 'F' in 'where clause' in /home/2023DIFAL3/e22206510/public_html/V1/ci/system/Database/MySQLi/Connection.php:306
Stack trace:
#0 /home/2023DIFAL3/e22206510/public_html/V1/ci/system/Database/MySQLi/Connection.php(306): mysqli->query()
#1 /home/2023DIFAL3/e22206510/public_html/V1/ci/system/Database/BaseConnection.php(693): CodeIgniter\Database\MySQLi\Connection->execute()
#2 /home/2023DIFAL3/e22206510/public_html/V1/ci/system/Database/BaseConnection.php(607): CodeIgniter\Database\BaseConnection->simpleQuery()
#3 /home/2023DIFAL3/e22206510/public_html/V1/ci/app/Models/Db_model.php(69): CodeIgniter\Database\BaseConnection->query()
#4 /home/2023DIFAL3/e22206510/public_html/V1/ci/app/Controllers/Scenario.php(35): App\Models\Db_model->get_first_etape()
#5 /home/2023DIFAL3/e22206510/public_html/V1/ci/system/CodeIgniter.php(942): App\Controllers\Scenario->afficher_1ere_etape()
#6 /home/2023DIFAL3/e22206510/public_html/V1/ci/system/CodeIgniter.php(502): CodeIgniter\CodeIgniter->runController()
#7 /home/2023DIFAL3/e22206510/public_html/V1/ci/system/CodeIgniter.php(361): CodeIgniter\CodeIgniter->handleRequest()
#8 /home/2023DIFAL3/e22206510/public_html/V1/ci/public/index.php(79): CodeIgniter\CodeIgniter->run()
#9 {main}
CRITICAL - 2023-11-14 08:26:20 --> Unknown column 'F' in 'where clause'
in SYSTEMPATH/Database/BaseConnection.php on line 647.
 1 APPPATH/Models/Db_model.php(69): CodeIgniter\Database\BaseConnection->query()
 2 APPPATH/Controllers/Scenario.php(35): App\Models\Db_model->get_first_etape()
 3 SYSTEMPATH/CodeIgniter.php(942): App\Controllers\Scenario->afficher_1ere_etape()
 4 SYSTEMPATH/CodeIgniter.php(502): CodeIgniter\CodeIgniter->runController()
 5 SYSTEMPATH/CodeIgniter.php(361): CodeIgniter\CodeIgniter->handleRequest()
 6 FCPATH/index.php(79): CodeIgniter\CodeIgniter->run()
ERROR - 2023-11-14 08:26:25 --> mysqli_sql_exception: Unknown column 'F' in 'where clause' in /home/2023DIFAL3/e22206510/public_html/V1/ci/system/Database/MySQLi/Connection.php:306
Stack trace:
#0 /home/2023DIFAL3/e22206510/public_html/V1/ci/system/Database/MySQLi/Connection.php(306): mysqli->query()
#1 /home/2023DIFAL3/e22206510/public_html/V1/ci/system/Database/BaseConnection.php(693): CodeIgniter\Database\MySQLi\Connection->execute()
#2 /home/2023DIFAL3/e22206510/public_html/V1/ci/system/Database/BaseConnection.php(607): CodeIgniter\Database\BaseConnection->simpleQuery()
#3 /home/2023DIFAL3/e22206510/public_html/V1/ci/app/Models/Db_model.php(69): CodeIgniter\Database\BaseConnection->query()
#4 /home/2023DIFAL3/e22206510/public_html/V1/ci/app/Controllers/Scenario.php(35): App\Models\Db_model->get_first_etape()
#5 /home/2023DIFAL3/e22206510/public_html/V1/ci/system/CodeIgniter.php(942): App\Controllers\Scenario->afficher_1ere_etape()
#6 /home/2023DIFAL3/e22206510/public_html/V1/ci/system/CodeIgniter.php(502): CodeIgniter\CodeIgniter->runController()
#7 /home/2023DIFAL3/e22206510/public_html/V1/ci/system/CodeIgniter.php(361): CodeIgniter\CodeIgniter->handleRequest()
#8 /home/2023DIFAL3/e22206510/public_html/V1/ci/public/index.php(79): CodeIgniter\CodeIgniter->run()
#9 {main}
CRITICAL - 2023-11-14 08:26:25 --> Unknown column 'F' in 'where clause'
in SYSTEMPATH/Database/BaseConnection.php on line 647.
 1 APPPATH/Models/Db_model.php(69): CodeIgniter\Database\BaseConnection->query()
 2 APPPATH/Controllers/Scenario.php(35): App\Models\Db_model->get_first_etape()
 3 SYSTEMPATH/CodeIgniter.php(942): App\Controllers\Scenario->afficher_1ere_etape()
 4 SYSTEMPATH/CodeIgniter.php(502): CodeIgniter\CodeIgniter->runController()
 5 SYSTEMPATH/CodeIgniter.php(361): CodeIgniter\CodeIgniter->handleRequest()
 6 FCPATH/index.php(79): CodeIgniter\CodeIgniter->run()
ERROR - 2023-11-14 08:27:47 --> mysqli_sql_exception: Unknown column 'F' in 'where clause' in /home/2023DIFAL3/e22206510/public_html/V1/ci/system/Database/MySQLi/Connection.php:306
Stack trace:
#0 /home/2023DIFAL3/e22206510/public_html/V1/ci/system/Database/MySQLi/Connection.php(306): mysqli->query()
#1 /home/2023DIFAL3/e22206510/public_html/V1/ci/system/Database/BaseConnection.php(693): CodeIgniter\Database\MySQLi\Connection->execute()
#2 /home/2023DIFAL3/e22206510/public_html/V1/ci/system/Database/BaseConnection.php(607): CodeIgniter\Database\BaseConnection->simpleQuery()
#3 /home/2023DIFAL3/e22206510/public_html/V1/ci/app/Models/Db_model.php(69): CodeIgniter\Database\BaseConnection->query()
#4 /home/2023DIFAL3/e22206510/public_html/V1/ci/app/Controllers/Scenario.php(35): App\Models\Db_model->get_first_etape()
#5 /home/2023DIFAL3/e22206510/public_html/V1/ci/system/CodeIgniter.php(942): App\Controllers\Scenario->afficher_1ere_etape()
#6 /home/2023DIFAL3/e22206510/public_html/V1/ci/system/CodeIgniter.php(502): CodeIgniter\CodeIgniter->runController()
#7 /home/2023DIFAL3/e22206510/public_html/V1/ci/system/CodeIgniter.php(361): CodeIgniter\CodeIgniter->handleRequest()
#8 /home/2023DIFAL3/e22206510/public_html/V1/ci/public/index.php(79): CodeIgniter\CodeIgniter->run()
#9 {main}
CRITICAL - 2023-11-14 08:27:47 --> Unknown column 'F' in 'where clause'
in SYSTEMPATH/Database/BaseConnection.php on line 647.
 1 APPPATH/Models/Db_model.php(69): CodeIgniter\Database\BaseConnection->query()
 2 APPPATH/Controllers/Scenario.php(35): App\Models\Db_model->get_first_etape()
 3 SYSTEMPATH/CodeIgniter.php(942): App\Controllers\Scenario->afficher_1ere_etape()
 4 SYSTEMPATH/CodeIgniter.php(502): CodeIgniter\CodeIgniter->runController()
 5 SYSTEMPATH/CodeIgniter.php(361): CodeIgniter\CodeIgniter->handleRequest()
 6 FCPATH/index.php(79): CodeIgniter\CodeIgniter->run()
ERROR - 2023-11-14 08:27:50 --> mysqli_sql_exception: Unknown column 'M' in 'where clause' in /home/2023DIFAL3/e22206510/public_html/V1/ci/system/Database/MySQLi/Connection.php:306
Stack trace:
#0 /home/2023DIFAL3/e22206510/public_html/V1/ci/system/Database/MySQLi/Connection.php(306): mysqli->query()
#1 /home/2023DIFAL3/e22206510/public_html/V1/ci/system/Database/BaseConnection.php(693): CodeIgniter\Database\MySQLi\Connection->execute()
#2 /home/2023DIFAL3/e22206510/public_html/V1/ci/system/Database/BaseConnection.php(607): CodeIgniter\Database\BaseConnection->simpleQuery()
#3 /home/2023DIFAL3/e22206510/public_html/V1/ci/app/Models/Db_model.php(69): CodeIgniter\Database\BaseConnection->query()
#4 /home/2023DIFAL3/e22206510/public_html/V1/ci/app/Controllers/Scenario.php(35): App\Models\Db_model->get_first_etape()
#5 /home/2023DIFAL3/e22206510/public_html/V1/ci/system/CodeIgniter.php(942): App\Controllers\Scenario->afficher_1ere_etape()
#6 /home/2023DIFAL3/e22206510/public_html/V1/ci/system/CodeIgniter.php(502): CodeIgniter\CodeIgniter->runController()
#7 /home/2023DIFAL3/e22206510/public_html/V1/ci/system/CodeIgniter.php(361): CodeIgniter\CodeIgniter->handleRequest()
#8 /home/2023DIFAL3/e22206510/public_html/V1/ci/public/index.php(79): CodeIgniter\CodeIgniter->run()
#9 {main}
CRITICAL - 2023-11-14 08:27:50 --> Unknown column 'M' in 'where clause'
in SYSTEMPATH/Database/BaseConnection.php on line 647.
 1 APPPATH/Models/Db_model.php(69): CodeIgniter\Database\BaseConnection->query()
 2 APPPATH/Controllers/Scenario.php(35): App\Models\Db_model->get_first_etape()
 3 SYSTEMPATH/CodeIgniter.php(942): App\Controllers\Scenario->afficher_1ere_etape()
 4 SYSTEMPATH/CodeIgniter.php(502): CodeIgniter\CodeIgniter->runController()
 5 SYSTEMPATH/CodeIgniter.php(361): CodeIgniter\CodeIgniter->handleRequest()
 6 FCPATH/index.php(79): CodeIgniter\CodeIgniter->run()
ERROR - 2023-11-14 08:27:52 --> mysqli_sql_exception: Unknown column 'M' in 'where clause' in /home/2023DIFAL3/e22206510/public_html/V1/ci/system/Database/MySQLi/Connection.php:306
Stack trace:
#0 /home/2023DIFAL3/e22206510/public_html/V1/ci/system/Database/MySQLi/Connection.php(306): mysqli->query()
#1 /home/2023DIFAL3/e22206510/public_html/V1/ci/system/Database/BaseConnection.php(693): CodeIgniter\Database\MySQLi\Connection->execute()
#2 /home/2023DIFAL3/e22206510/public_html/V1/ci/system/Database/BaseConnection.php(607): CodeIgniter\Database\BaseConnection->simpleQuery()
#3 /home/2023DIFAL3/e22206510/public_html/V1/ci/app/Models/Db_model.php(69): CodeIgniter\Database\BaseConnection->query()
#4 /home/2023DIFAL3/e22206510/public_html/V1/ci/app/Controllers/Scenario.php(35): App\Models\Db_model->get_first_etape()
#5 /home/2023DIFAL3/e22206510/public_html/V1/ci/system/CodeIgniter.php(942): App\Controllers\Scenario->afficher_1ere_etape()
#6 /home/2023DIFAL3/e22206510/public_html/V1/ci/system/CodeIgniter.php(502): CodeIgniter\CodeIgniter->runController()
#7 /home/2023DIFAL3/e22206510/public_html/V1/ci/system/CodeIgniter.php(361): CodeIgniter\CodeIgniter->handleRequest()
#8 /home/2023DIFAL3/e22206510/public_html/V1/ci/public/index.php(79): CodeIgniter\CodeIgniter->run()
#9 {main}
CRITICAL - 2023-11-14 08:27:52 --> Unknown column 'M' in 'where clause'
in SYSTEMPATH/Database/BaseConnection.php on line 647.
 1 APPPATH/Models/Db_model.php(69): CodeIgniter\Database\BaseConnection->query()
 2 APPPATH/Controllers/Scenario.php(35): App\Models\Db_model->get_first_etape()
 3 SYSTEMPATH/CodeIgniter.php(942): App\Controllers\Scenario->afficher_1ere_etape()
 4 SYSTEMPATH/CodeIgniter.php(502): CodeIgniter\CodeIgniter->runController()
 5 SYSTEMPATH/CodeIgniter.php(361): CodeIgniter\CodeIgniter->handleRequest()
 6 FCPATH/index.php(79): CodeIgniter\CodeIgniter->run()
ERROR - 2023-11-14 08:28:00 --> mysqli_sql_exception: Unknown column 'F' in 'where clause' in /home/2023DIFAL3/e22206510/public_html/V1/ci/system/Database/MySQLi/Connection.php:306
Stack trace:
#0 /home/2023DIFAL3/e22206510/public_html/V1/ci/system/Database/MySQLi/Connection.php(306): mysqli->query()
#1 /home/2023DIFAL3/e22206510/public_html/V1/ci/system/Database/BaseConnection.php(693): CodeIgniter\Database\MySQLi\Connection->execute()
#2 /home/2023DIFAL3/e22206510/public_html/V1/ci/system/Database/BaseConnection.php(607): CodeIgniter\Database\BaseConnection->simpleQuery()
#3 /home/2023DIFAL3/e22206510/public_html/V1/ci/app/Models/Db_model.php(69): CodeIgniter\Database\BaseConnection->query()
#4 /home/2023DIFAL3/e22206510/public_html/V1/ci/app/Controllers/Scenario.php(35): App\Models\Db_model->get_first_etape()
#5 /home/2023DIFAL3/e22206510/public_html/V1/ci/system/CodeIgniter.php(942): App\Controllers\Scenario->afficher_1ere_etape()
#6 /home/2023DIFAL3/e22206510/public_html/V1/ci/system/CodeIgniter.php(502): CodeIgniter\CodeIgniter->runController()
#7 /home/2023DIFAL3/e22206510/public_html/V1/ci/system/CodeIgniter.php(361): CodeIgniter\CodeIgniter->handleRequest()
#8 /home/2023DIFAL3/e22206510/public_html/V1/ci/public/index.php(79): CodeIgniter\CodeIgniter->run()
#9 {main}
CRITICAL - 2023-11-14 08:28:00 --> Unknown column 'F' in 'where clause'
in SYSTEMPATH/Database/BaseConnection.php on line 647.
 1 APPPATH/Models/Db_model.php(69): CodeIgniter\Database\BaseConnection->query()
 2 APPPATH/Controllers/Scenario.php(35): App\Models\Db_model->get_first_etape()
 3 SYSTEMPATH/CodeIgniter.php(942): App\Controllers\Scenario->afficher_1ere_etape()
 4 SYSTEMPATH/CodeIgniter.php(502): CodeIgniter\CodeIgniter->runController()
 5 SYSTEMPATH/CodeIgniter.php(361): CodeIgniter\CodeIgniter->handleRequest()
 6 FCPATH/index.php(79): CodeIgniter\CodeIgniter->run()
ERROR - 2023-11-14 08:30:50 --> mysqli_sql_exception: Unknown column 'F' in 'where clause' in /home/2023DIFAL3/e22206510/public_html/V1/ci/system/Database/MySQLi/Connection.php:306
Stack trace:
#0 /home/2023DIFAL3/e22206510/public_html/V1/ci/system/Database/MySQLi/Connection.php(306): mysqli->query()
#1 /home/2023DIFAL3/e22206510/public_html/V1/ci/system/Database/BaseConnection.php(693): CodeIgniter\Database\MySQLi\Connection->execute()
#2 /home/2023DIFAL3/e22206510/public_html/V1/ci/system/Database/BaseConnection.php(607): CodeIgniter\Database\BaseConnection->simpleQuery()
#3 /home/2023DIFAL3/e22206510/public_html/V1/ci/app/Models/Db_model.php(69): CodeIgniter\Database\BaseConnection->query()
#4 /home/2023DIFAL3/e22206510/public_html/V1/ci/app/Controllers/Scenario.php(35): App\Models\Db_model->get_first_etape()
#5 /home/2023DIFAL3/e22206510/public_html/V1/ci/system/CodeIgniter.php(942): App\Controllers\Scenario->afficher_1ere_etape()
#6 /home/2023DIFAL3/e22206510/public_html/V1/ci/system/CodeIgniter.php(502): CodeIgniter\CodeIgniter->runController()
#7 /home/2023DIFAL3/e22206510/public_html/V1/ci/system/CodeIgniter.php(361): CodeIgniter\CodeIgniter->handleRequest()
#8 /home/2023DIFAL3/e22206510/public_html/V1/ci/public/index.php(79): CodeIgniter\CodeIgniter->run()
#9 {main}
CRITICAL - 2023-11-14 08:30:50 --> Unknown column 'F' in 'where clause'
in SYSTEMPATH/Database/BaseConnection.php on line 647.
 1 APPPATH/Models/Db_model.php(69): CodeIgniter\Database\BaseConnection->query()
 2 APPPATH/Controllers/Scenario.php(35): App\Models\Db_model->get_first_etape()
 3 SYSTEMPATH/CodeIgniter.php(942): App\Controllers\Scenario->afficher_1ere_etape()
 4 SYSTEMPATH/CodeIgniter.php(502): CodeIgniter\CodeIgniter->runController()
 5 SYSTEMPATH/CodeIgniter.php(361): CodeIgniter\CodeIgniter->handleRequest()
 6 FCPATH/index.php(79): CodeIgniter\CodeIgniter->run()
ERROR - 2023-11-14 08:30:51 --> mysqli_sql_exception: Unknown column 'F' in 'where clause' in /home/2023DIFAL3/e22206510/public_html/V1/ci/system/Database/MySQLi/Connection.php:306
Stack trace:
#0 /home/2023DIFAL3/e22206510/public_html/V1/ci/system/Database/MySQLi/Connection.php(306): mysqli->query()
#1 /home/2023DIFAL3/e22206510/public_html/V1/ci/system/Database/BaseConnection.php(693): CodeIgniter\Database\MySQLi\Connection->execute()
#2 /home/2023DIFAL3/e22206510/public_html/V1/ci/system/Database/BaseConnection.php(607): CodeIgniter\Database\BaseConnection->simpleQuery()
#3 /home/2023DIFAL3/e22206510/public_html/V1/ci/app/Models/Db_model.php(69): CodeIgniter\Database\BaseConnection->query()
#4 /home/2023DIFAL3/e22206510/public_html/V1/ci/app/Controllers/Scenario.php(35): App\Models\Db_model->get_first_etape()
#5 /home/2023DIFAL3/e22206510/public_html/V1/ci/system/CodeIgniter.php(942): App\Controllers\Scenario->afficher_1ere_etape()
#6 /home/2023DIFAL3/e22206510/public_html/V1/ci/system/CodeIgniter.php(502): CodeIgniter\CodeIgniter->runController()
#7 /home/2023DIFAL3/e22206510/public_html/V1/ci/system/CodeIgniter.php(361): CodeIgniter\CodeIgniter->handleRequest()
#8 /home/2023DIFAL3/e22206510/public_html/V1/ci/public/index.php(79): CodeIgniter\CodeIgniter->run()
#9 {main}
CRITICAL - 2023-11-14 08:30:51 --> Unknown column 'F' in 'where clause'
in SYSTEMPATH/Database/BaseConnection.php on line 647.
 1 APPPATH/Models/Db_model.php(69): CodeIgniter\Database\BaseConnection->query()
 2 APPPATH/Controllers/Scenario.php(35): App\Models\Db_model->get_first_etape()
 3 SYSTEMPATH/CodeIgniter.php(942): App\Controllers\Scenario->afficher_1ere_etape()
 4 SYSTEMPATH/CodeIgniter.php(502): CodeIgniter\CodeIgniter->runController()
 5 SYSTEMPATH/CodeIgniter.php(361): CodeIgniter\CodeIgniter->handleRequest()
 6 FCPATH/index.php(79): CodeIgniter\CodeIgniter->run()
ERROR - 2023-11-14 08:32:43 --> mysqli_sql_exception: Unknown column 'F' in 'where clause' in /home/2023DIFAL3/e22206510/public_html/V1/ci/system/Database/MySQLi/Connection.php:306
Stack trace:
#0 /home/2023DIFAL3/e22206510/public_html/V1/ci/system/Database/MySQLi/Connection.php(306): mysqli->query()
#1 /home/2023DIFAL3/e22206510/public_html/V1/ci/system/Database/BaseConnection.php(693): CodeIgniter\Database\MySQLi\Connection->execute()
#2 /home/2023DIFAL3/e22206510/public_html/V1/ci/system/Database/BaseConnection.php(607): CodeIgniter\Database\BaseConnection->simpleQuery()
#3 /home/2023DIFAL3/e22206510/public_html/V1/ci/app/Models/Db_model.php(69): CodeIgniter\Database\BaseConnection->query()
#4 /home/2023DIFAL3/e22206510/public_html/V1/ci/app/Controllers/Scenario.php(35): App\Models\Db_model->get_first_etape()
#5 /home/2023DIFAL3/e22206510/public_html/V1/ci/system/CodeIgniter.php(942): App\Controllers\Scenario->afficher_1ere_etape()
#6 /home/2023DIFAL3/e22206510/public_html/V1/ci/system/CodeIgniter.php(502): CodeIgniter\CodeIgniter->runController()
#7 /home/2023DIFAL3/e22206510/public_html/V1/ci/system/CodeIgniter.php(361): CodeIgniter\CodeIgniter->handleRequest()
#8 /home/2023DIFAL3/e22206510/public_html/V1/ci/public/index.php(79): CodeIgniter\CodeIgniter->run()
#9 {main}
CRITICAL - 2023-11-14 08:32:43 --> Unknown column 'F' in 'where clause'
in SYSTEMPATH/Database/BaseConnection.php on line 647.
 1 APPPATH/Models/Db_model.php(69): CodeIgniter\Database\BaseConnection->query()
 2 APPPATH/Controllers/Scenario.php(35): App\Models\Db_model->get_first_etape()
 3 SYSTEMPATH/CodeIgniter.php(942): App\Controllers\Scenario->afficher_1ere_etape()
 4 SYSTEMPATH/CodeIgniter.php(502): CodeIgniter\CodeIgniter->runController()
 5 SYSTEMPATH/CodeIgniter.php(361): CodeIgniter\CodeIgniter->handleRequest()
 6 FCPATH/index.php(79): CodeIgniter\CodeIgniter->run()
ERROR - 2023-11-14 08:34:39 --> mysqli_sql_exception: Unknown column 'F' in 'where clause' in /home/2023DIFAL3/e22206510/public_html/V1/ci/system/Database/MySQLi/Connection.php:306
Stack trace:
#0 /home/2023DIFAL3/e22206510/public_html/V1/ci/system/Database/MySQLi/Connection.php(306): mysqli->query()
#1 /home/2023DIFAL3/e22206510/public_html/V1/ci/system/Database/BaseConnection.php(693): CodeIgniter\Database\MySQLi\Connection->execute()
#2 /home/2023DIFAL3/e22206510/public_html/V1/ci/system/Database/BaseConnection.php(607): CodeIgniter\Database\BaseConnection->simpleQuery()
#3 /home/2023DIFAL3/e22206510/public_html/V1/ci/app/Models/Db_model.php(69): CodeIgniter\Database\BaseConnection->query()
#4 /home/2023DIFAL3/e22206510/public_html/V1/ci/app/Controllers/Scenario.php(35): App\Models\Db_model->get_first_etape()
#5 /home/2023DIFAL3/e22206510/public_html/V1/ci/system/CodeIgniter.php(942): App\Controllers\Scenario->afficher_1ere_etape()
#6 /home/2023DIFAL3/e22206510/public_html/V1/ci/system/CodeIgniter.php(502): CodeIgniter\CodeIgniter->runController()
#7 /home/2023DIFAL3/e22206510/public_html/V1/ci/system/CodeIgniter.php(361): CodeIgniter\CodeIgniter->handleRequest()
#8 /home/2023DIFAL3/e22206510/public_html/V1/ci/public/index.php(79): CodeIgniter\CodeIgniter->run()
#9 {main}
CRITICAL - 2023-11-14 08:34:39 --> Unknown column 'F' in 'where clause'
in SYSTEMPATH/Database/BaseConnection.php on line 647.
 1 APPPATH/Models/Db_model.php(69): CodeIgniter\Database\BaseConnection->query()
 2 APPPATH/Controllers/Scenario.php(35): App\Models\Db_model->get_first_etape()
 3 SYSTEMPATH/CodeIgniter.php(942): App\Controllers\Scenario->afficher_1ere_etape()
 4 SYSTEMPATH/CodeIgniter.php(502): CodeIgniter\CodeIgniter->runController()
 5 SYSTEMPATH/CodeIgniter.php(361): CodeIgniter\CodeIgniter->handleRequest()
 6 FCPATH/index.php(79): CodeIgniter\CodeIgniter->run()
ERROR - 2023-11-14 08:35:32 --> mysqli_sql_exception: Unknown column 'F' in 'where clause' in /home/2023DIFAL3/e22206510/public_html/V1/ci/system/Database/MySQLi/Connection.php:306
Stack trace:
#0 /home/2023DIFAL3/e22206510/public_html/V1/ci/system/Database/MySQLi/Connection.php(306): mysqli->query()
#1 /home/2023DIFAL3/e22206510/public_html/V1/ci/system/Database/BaseConnection.php(693): CodeIgniter\Database\MySQLi\Connection->execute()
#2 /home/2023DIFAL3/e22206510/public_html/V1/ci/system/Database/BaseConnection.php(607): CodeIgniter\Database\BaseConnection->simpleQuery()
#3 /home/2023DIFAL3/e22206510/public_html/V1/ci/app/Models/Db_model.php(69): CodeIgniter\Database\BaseConnection->query()
#4 /home/2023DIFAL3/e22206510/public_html/V1/ci/app/Controllers/Scenario.php(35): App\Models\Db_model->get_first_etape()
#5 /home/2023DIFAL3/e22206510/public_html/V1/ci/system/CodeIgniter.php(942): App\Controllers\Scenario->afficher_1ere_etape()
#6 /home/2023DIFAL3/e22206510/public_html/V1/ci/system/CodeIgniter.php(502): CodeIgniter\CodeIgniter->runController()
#7 /home/2023DIFAL3/e22206510/public_html/V1/ci/system/CodeIgniter.php(361): CodeIgniter\CodeIgniter->handleRequest()
#8 /home/2023DIFAL3/e22206510/public_html/V1/ci/public/index.php(79): CodeIgniter\CodeIgniter->run()
#9 {main}
CRITICAL - 2023-11-14 08:35:32 --> Unknown column 'F' in 'where clause'
in SYSTEMPATH/Database/BaseConnection.php on line 647.
 1 APPPATH/Models/Db_model.php(69): CodeIgniter\Database\BaseConnection->query()
 2 APPPATH/Controllers/Scenario.php(35): App\Models\Db_model->get_first_etape()
 3 SYSTEMPATH/CodeIgniter.php(942): App\Controllers\Scenario->afficher_1ere_etape()
 4 SYSTEMPATH/CodeIgniter.php(502): CodeIgniter\CodeIgniter->runController()
 5 SYSTEMPATH/CodeIgniter.php(361): CodeIgniter\CodeIgniter->handleRequest()
 6 FCPATH/index.php(79): CodeIgniter\CodeIgniter->run()
ERROR - 2023-11-14 08:37:14 --> mysqli_sql_exception: Unknown column 'F' in 'where clause' in /home/2023DIFAL3/e22206510/public_html/V1/ci/system/Database/MySQLi/Connection.php:306
Stack trace:
#0 /home/2023DIFAL3/e22206510/public_html/V1/ci/system/Database/MySQLi/Connection.php(306): mysqli->query()
#1 /home/2023DIFAL3/e22206510/public_html/V1/ci/system/Database/BaseConnection.php(693): CodeIgniter\Database\MySQLi\Connection->execute()
#2 /home/2023DIFAL3/e22206510/public_html/V1/ci/system/Database/BaseConnection.php(607): CodeIgniter\Database\BaseConnection->simpleQuery()
#3 /home/2023DIFAL3/e22206510/public_html/V1/ci/app/Models/Db_model.php(69): CodeIgniter\Database\BaseConnection->query()
#4 /home/2023DIFAL3/e22206510/public_html/V1/ci/app/Controllers/Scenario.php(35): App\Models\Db_model->get_first_etape()
#5 /home/2023DIFAL3/e22206510/public_html/V1/ci/system/CodeIgniter.php(942): App\Controllers\Scenario->afficher_1ere_etape()
#6 /home/2023DIFAL3/e22206510/public_html/V1/ci/system/CodeIgniter.php(502): CodeIgniter\CodeIgniter->runController()
#7 /home/2023DIFAL3/e22206510/public_html/V1/ci/system/CodeIgniter.php(361): CodeIgniter\CodeIgniter->handleRequest()
#8 /home/2023DIFAL3/e22206510/public_html/V1/ci/public/index.php(79): CodeIgniter\CodeIgniter->run()
#9 {main}
CRITICAL - 2023-11-14 08:37:14 --> Unknown column 'F' in 'where clause'
in SYSTEMPATH/Database/BaseConnection.php on line 647.
 1 APPPATH/Models/Db_model.php(69): CodeIgniter\Database\BaseConnection->query()
 2 APPPATH/Controllers/Scenario.php(35): App\Models\Db_model->get_first_etape()
 3 SYSTEMPATH/CodeIgniter.php(942): App\Controllers\Scenario->afficher_1ere_etape()
 4 SYSTEMPATH/CodeIgniter.php(502): CodeIgniter\CodeIgniter->runController()
 5 SYSTEMPATH/CodeIgniter.php(361): CodeIgniter\CodeIgniter->handleRequest()
 6 FCPATH/index.php(79): CodeIgniter\CodeIgniter->run()
ERROR - 2023-11-14 08:38:00 --> mysqli_sql_exception: Unknown column 'F' in 'where clause' in /home/2023DIFAL3/e22206510/public_html/V1/ci/system/Database/MySQLi/Connection.php:306
Stack trace:
#0 /home/2023DIFAL3/e22206510/public_html/V1/ci/system/Database/MySQLi/Connection.php(306): mysqli->query()
#1 /home/2023DIFAL3/e22206510/public_html/V1/ci/system/Database/BaseConnection.php(693): CodeIgniter\Database\MySQLi\Connection->execute()
#2 /home/2023DIFAL3/e22206510/public_html/V1/ci/system/Database/BaseConnection.php(607): CodeIgniter\Database\BaseConnection->simpleQuery()
#3 /home/2023DIFAL3/e22206510/public_html/V1/ci/app/Models/Db_model.php(69): CodeIgniter\Database\BaseConnection->query()
#4 /home/2023DIFAL3/e22206510/public_html/V1/ci/app/Controllers/Scenario.php(35): App\Models\Db_model->get_first_etape()
#5 /home/2023DIFAL3/e22206510/public_html/V1/ci/system/CodeIgniter.php(942): App\Controllers\Scenario->afficher_1ere_etape()
#6 /home/2023DIFAL3/e22206510/public_html/V1/ci/system/CodeIgniter.php(502): CodeIgniter\CodeIgniter->runController()
#7 /home/2023DIFAL3/e22206510/public_html/V1/ci/system/CodeIgniter.php(361): CodeIgniter\CodeIgniter->handleRequest()
#8 /home/2023DIFAL3/e22206510/public_html/V1/ci/public/index.php(79): CodeIgniter\CodeIgniter->run()
#9 {main}
CRITICAL - 2023-11-14 08:38:00 --> Unknown column 'F' in 'where clause'
in SYSTEMPATH/Database/BaseConnection.php on line 647.
 1 APPPATH/Models/Db_model.php(69): CodeIgniter\Database\BaseConnection->query()
 2 APPPATH/Controllers/Scenario.php(35): App\Models\Db_model->get_first_etape()
 3 SYSTEMPATH/CodeIgniter.php(942): App\Controllers\Scenario->afficher_1ere_etape()
 4 SYSTEMPATH/CodeIgniter.php(502): CodeIgniter\CodeIgniter->runController()
 5 SYSTEMPATH/CodeIgniter.php(361): CodeIgniter\CodeIgniter->handleRequest()
 6 FCPATH/index.php(79): CodeIgniter\CodeIgniter->run()
ERROR - 2023-11-14 08:42:35 --> mysqli_sql_exception: Unknown column 'F' in 'where clause' in /home/2023DIFAL3/e22206510/public_html/V1/ci/system/Database/MySQLi/Connection.php:306
Stack trace:
#0 /home/2023DIFAL3/e22206510/public_html/V1/ci/system/Database/MySQLi/Connection.php(306): mysqli->query()
#1 /home/2023DIFAL3/e22206510/public_html/V1/ci/system/Database/BaseConnection.php(693): CodeIgniter\Database\MySQLi\Connection->execute()
#2 /home/2023DIFAL3/e22206510/public_html/V1/ci/system/Database/BaseConnection.php(607): CodeIgniter\Database\BaseConnection->simpleQuery()
#3 /home/2023DIFAL3/e22206510/public_html/V1/ci/app/Models/Db_model.php(69): CodeIgniter\Database\BaseConnection->query()
#4 /home/2023DIFAL3/e22206510/public_html/V1/ci/app/Controllers/Scenario.php(35): App\Models\Db_model->get_first_etape()
#5 /home/2023DIFAL3/e22206510/public_html/V1/ci/system/CodeIgniter.php(942): App\Controllers\Scenario->afficher_1ere_etape()
#6 /home/2023DIFAL3/e22206510/public_html/V1/ci/system/CodeIgniter.php(502): CodeIgniter\CodeIgniter->runController()
#7 /home/2023DIFAL3/e22206510/public_html/V1/ci/system/CodeIgniter.php(361): CodeIgniter\CodeIgniter->handleRequest()
#8 /home/2023DIFAL3/e22206510/public_html/V1/ci/public/index.php(79): CodeIgniter\CodeIgniter->run()
#9 {main}
CRITICAL - 2023-11-14 08:42:35 --> Unknown column 'F' in 'where clause'
in SYSTEMPATH/Database/BaseConnection.php on line 647.
 1 APPPATH/Models/Db_model.php(69): CodeIgniter\Database\BaseConnection->query()
 2 APPPATH/Controllers/Scenario.php(35): App\Models\Db_model->get_first_etape()
 3 SYSTEMPATH/CodeIgniter.php(942): App\Controllers\Scenario->afficher_1ere_etape()
 4 SYSTEMPATH/CodeIgniter.php(502): CodeIgniter\CodeIgniter->runController()
 5 SYSTEMPATH/CodeIgniter.php(361): CodeIgniter\CodeIgniter->handleRequest()
 6 FCPATH/index.php(79): CodeIgniter\CodeIgniter->run()
CRITICAL - 2023-11-14 08:50:48 --> Trying to get property 'rsc_url' of non-object
in APPPATH/Views/affichage_1ere_etape.php on line 21.
 1 APPPATH/Views/affichage_1ere_etape.php(21): CodeIgniter\Debug\Exceptions->errorHandler()
 2 SYSTEMPATH/View/View.php(228): include('/home/2023DIFAL3/e22206510/public_html/V1/ci/app/Views/affichage_1ere_etape.php')
 3 SYSTEMPATH/View/View.php(231): CodeIgniter\View\View->CodeIgniter\View\{closure}()
 4 SYSTEMPATH/Common.php(1190): CodeIgniter\View\View->render()
 5 APPPATH/Controllers/Scenario.php(37): view()
 6 SYSTEMPATH/CodeIgniter.php(942): App\Controllers\Scenario->afficher_1ere_etape()
 7 SYSTEMPATH/CodeIgniter.php(502): CodeIgniter\CodeIgniter->runController()
 8 SYSTEMPATH/CodeIgniter.php(361): CodeIgniter\CodeIgniter->handleRequest()
 9 FCPATH/index.php(79): CodeIgniter\CodeIgniter->run()
CRITICAL - 2023-11-14 08:50:57 --> Trying to get property 'rsc_url' of non-object
in APPPATH/Views/affichage_1ere_etape.php on line 21.
 1 APPPATH/Views/affichage_1ere_etape.php(21): CodeIgniter\Debug\Exceptions->errorHandler()
 2 SYSTEMPATH/View/View.php(228): include('/home/2023DIFAL3/e22206510/public_html/V1/ci/app/Views/affichage_1ere_etape.php')
 3 SYSTEMPATH/View/View.php(231): CodeIgniter\View\View->CodeIgniter\View\{closure}()
 4 SYSTEMPATH/Common.php(1190): CodeIgniter\View\View->render()
 5 APPPATH/Controllers/Scenario.php(37): view()
 6 SYSTEMPATH/CodeIgniter.php(942): App\Controllers\Scenario->afficher_1ere_etape()
 7 SYSTEMPATH/CodeIgniter.php(502): CodeIgniter\CodeIgniter->runController()
 8 SYSTEMPATH/CodeIgniter.php(361): CodeIgniter\CodeIgniter->handleRequest()
 9 FCPATH/index.php(79): CodeIgniter\CodeIgniter->run()
CRITICAL - 2023-11-14 08:50:59 --> Trying to get property 'rsc_url' of non-object
in APPPATH/Views/affichage_1ere_etape.php on line 21.
 1 APPPATH/Views/affichage_1ere_etape.php(21): CodeIgniter\Debug\Exceptions->errorHandler()
 2 SYSTEMPATH/View/View.php(228): include('/home/2023DIFAL3/e22206510/public_html/V1/ci/app/Views/affichage_1ere_etape.php')
 3 SYSTEMPATH/View/View.php(231): CodeIgniter\View\View->CodeIgniter\View\{closure}()
 4 SYSTEMPATH/Common.php(1190): CodeIgniter\View\View->render()
 5 APPPATH/Controllers/Scenario.php(37): view()
 6 SYSTEMPATH/CodeIgniter.php(942): App\Controllers\Scenario->afficher_1ere_etape()
 7 SYSTEMPATH/CodeIgniter.php(502): CodeIgniter\CodeIgniter->runController()
 8 SYSTEMPATH/CodeIgniter.php(361): CodeIgniter\CodeIgniter->handleRequest()
 9 FCPATH/index.php(79): CodeIgniter\CodeIgniter->run()
CRITICAL - 2023-11-14 08:51:03 --> Trying to get property 'rsc_url' of non-object
in APPPATH/Views/affichage_1ere_etape.php on line 21.
 1 APPPATH/Views/affichage_1ere_etape.php(21): CodeIgniter\Debug\Exceptions->errorHandler()
 2 SYSTEMPATH/View/View.php(228): include('/home/2023DIFAL3/e22206510/public_html/V1/ci/app/Views/affichage_1ere_etape.php')
 3 SYSTEMPATH/View/View.php(231): CodeIgniter\View\View->CodeIgniter\View\{closure}()
 4 SYSTEMPATH/Common.php(1190): CodeIgniter\View\View->render()
 5 APPPATH/Controllers/Scenario.php(37): view()
 6 SYSTEMPATH/CodeIgniter.php(942): App\Controllers\Scenario->afficher_1ere_etape()
 7 SYSTEMPATH/CodeIgniter.php(502): CodeIgniter\CodeIgniter->runController()
 8 SYSTEMPATH/CodeIgniter.php(361): CodeIgniter\CodeIgniter->handleRequest()
 9 FCPATH/index.php(79): CodeIgniter\CodeIgniter->run()
CRITICAL - 2023-11-14 08:51:05 --> Trying to get property 'rsc_url' of non-object
in APPPATH/Views/affichage_1ere_etape.php on line 21.
 1 APPPATH/Views/affichage_1ere_etape.php(21): CodeIgniter\Debug\Exceptions->errorHandler()
 2 SYSTEMPATH/View/View.php(228): include('/home/2023DIFAL3/e22206510/public_html/V1/ci/app/Views/affichage_1ere_etape.php')
 3 SYSTEMPATH/View/View.php(231): CodeIgniter\View\View->CodeIgniter\View\{closure}()
 4 SYSTEMPATH/Common.php(1190): CodeIgniter\View\View->render()
 5 APPPATH/Controllers/Scenario.php(37): view()
 6 SYSTEMPATH/CodeIgniter.php(942): App\Controllers\Scenario->afficher_1ere_etape()
 7 SYSTEMPATH/CodeIgniter.php(502): CodeIgniter\CodeIgniter->runController()
 8 SYSTEMPATH/CodeIgniter.php(361): CodeIgniter\CodeIgniter->handleRequest()
 9 FCPATH/index.php(79): CodeIgniter\CodeIgniter->run()
CRITICAL - 2023-11-14 08:54:24 --> Trying to get property 'rsc_url' of non-object
in APPPATH/Views/affichage_1ere_etape.php on line 21.
 1 APPPATH/Views/affichage_1ere_etape.php(21): CodeIgniter\Debug\Exceptions->errorHandler()
 2 SYSTEMPATH/View/View.php(228): include('/home/2023DIFAL3/e22206510/public_html/V1/ci/app/Views/affichage_1ere_etape.php')
 3 SYSTEMPATH/View/View.php(231): CodeIgniter\View\View->CodeIgniter\View\{closure}()
 4 SYSTEMPATH/Common.php(1190): CodeIgniter\View\View->render()
 5 APPPATH/Controllers/Scenario.php(37): view()
 6 SYSTEMPATH/CodeIgniter.php(942): App\Controllers\Scenario->afficher_1ere_etape()
 7 SYSTEMPATH/CodeIgniter.php(502): CodeIgniter\CodeIgniter->runController()
 8 SYSTEMPATH/CodeIgniter.php(361): CodeIgniter\CodeIgniter->handleRequest()
 9 FCPATH/index.php(79): CodeIgniter\CodeIgniter->run()
CRITICAL - 2023-11-14 08:54:54 --> Trying to get property 'rsc_url' of non-object
in APPPATH/Views/affichage_1ere_etape.php on line 21.
 1 APPPATH/Views/affichage_1ere_etape.php(21): CodeIgniter\Debug\Exceptions->errorHandler()
 2 SYSTEMPATH/View/View.php(228): include('/home/2023DIFAL3/e22206510/public_html/V1/ci/app/Views/affichage_1ere_etape.php')
 3 SYSTEMPATH/View/View.php(231): CodeIgniter\View\View->CodeIgniter\View\{closure}()
 4 SYSTEMPATH/Common.php(1190): CodeIgniter\View\View->render()
 5 APPPATH/Controllers/Scenario.php(37): view()
 6 SYSTEMPATH/CodeIgniter.php(942): App\Controllers\Scenario->afficher_1ere_etape()
 7 SYSTEMPATH/CodeIgniter.php(502): CodeIgniter\CodeIgniter->runController()
 8 SYSTEMPATH/CodeIgniter.php(361): CodeIgniter\CodeIgniter->handleRequest()
 9 FCPATH/index.php(79): CodeIgniter\CodeIgniter->run()
CRITICAL - 2023-11-14 08:55:01 --> Trying to get property 'rsc_url' of non-object
in APPPATH/Views/affichage_1ere_etape.php on line 21.
 1 APPPATH/Views/affichage_1ere_etape.php(21): CodeIgniter\Debug\Exceptions->errorHandler()
 2 SYSTEMPATH/View/View.php(228): include('/home/2023DIFAL3/e22206510/public_html/V1/ci/app/Views/affichage_1ere_etape.php')
 3 SYSTEMPATH/View/View.php(231): CodeIgniter\View\View->CodeIgniter\View\{closure}()
 4 SYSTEMPATH/Common.php(1190): CodeIgniter\View\View->render()
 5 APPPATH/Controllers/Scenario.php(37): view()
 6 SYSTEMPATH/CodeIgniter.php(942): App\Controllers\Scenario->afficher_1ere_etape()
 7 SYSTEMPATH/CodeIgniter.php(502): CodeIgniter\CodeIgniter->runController()
 8 SYSTEMPATH/CodeIgniter.php(361): CodeIgniter\CodeIgniter->handleRequest()
 9 FCPATH/index.php(79): CodeIgniter\CodeIgniter->run()
CRITICAL - 2023-11-14 11:54:12 --> Trying to get property 'rsc_url' of non-object
in APPPATH/Views/affichage_1ere_etape.php on line 21.
 1 APPPATH/Views/affichage_1ere_etape.php(21): CodeIgniter\Debug\Exceptions->errorHandler()
 2 SYSTEMPATH/View/View.php(228): include('/home/2023DIFAL3/e22206510/public_html/V1/ci/app/Views/affichage_1ere_etape.php')
 3 SYSTEMPATH/View/View.php(231): CodeIgniter\View\View->CodeIgniter\View\{closure}()
 4 SYSTEMPATH/Common.php(1190): CodeIgniter\View\View->render()
 5 APPPATH/Controllers/Scenario.php(37): view()
 6 SYSTEMPATH/CodeIgniter.php(942): App\Controllers\Scenario->afficher_1ere_etape()
 7 SYSTEMPATH/CodeIgniter.php(502): CodeIgniter\CodeIgniter->runController()
 8 SYSTEMPATH/CodeIgniter.php(361): CodeIgniter\CodeIgniter->handleRequest()
 9 FCPATH/index.php(79): CodeIgniter\CodeIgniter->run()
CRITICAL - 2023-11-14 11:56:47 --> Trying to get property 'rsc_url' of non-object
in APPPATH/Views/affichage_1ere_etape.php on line 21.
 1 APPPATH/Views/affichage_1ere_etape.php(21): CodeIgniter\Debug\Exceptions->errorHandler()
 2 SYSTEMPATH/View/View.php(228): include('/home/2023DIFAL3/e22206510/public_html/V1/ci/app/Views/affichage_1ere_etape.php')
 3 SYSTEMPATH/View/View.php(231): CodeIgniter\View\View->CodeIgniter\View\{closure}()
 4 SYSTEMPATH/Common.php(1190): CodeIgniter\View\View->render()
 5 APPPATH/Controllers/Scenario.php(37): view()
 6 SYSTEMPATH/CodeIgniter.php(942): App\Controllers\Scenario->afficher_1ere_etape()
 7 SYSTEMPATH/CodeIgniter.php(502): CodeIgniter\CodeIgniter->runController()
 8 SYSTEMPATH/CodeIgniter.php(361): CodeIgniter\CodeIgniter->handleRequest()
 9 FCPATH/index.php(79): CodeIgniter\CodeIgniter->run()
CRITICAL - 2023-11-14 11:57:43 --> Trying to get property 'rsc_url' of non-object
in APPPATH/Views/affichage_1ere_etape.php on line 21.
 1 APPPATH/Views/affichage_1ere_etape.php(21): CodeIgniter\Debug\Exceptions->errorHandler()
 2 SYSTEMPATH/View/View.php(228): include('/home/2023DIFAL3/e22206510/public_html/V1/ci/app/Views/affichage_1ere_etape.php')
 3 SYSTEMPATH/View/View.php(231): CodeIgniter\View\View->CodeIgniter\View\{closure}()
 4 SYSTEMPATH/Common.php(1190): CodeIgniter\View\View->render()
 5 APPPATH/Controllers/Scenario.php(37): view()
 6 SYSTEMPATH/CodeIgniter.php(942): App\Controllers\Scenario->afficher_1ere_etape()
 7 SYSTEMPATH/CodeIgniter.php(502): CodeIgniter\CodeIgniter->runController()
 8 SYSTEMPATH/CodeIgniter.php(361): CodeIgniter\CodeIgniter->handleRequest()
 9 FCPATH/index.php(79): CodeIgniter\CodeIgniter->run()
CRITICAL - 2023-11-14 11:57:59 --> Trying to get property 'rsc_url' of non-object
in APPPATH/Views/affichage_1ere_etape.php on line 21.
 1 APPPATH/Views/affichage_1ere_etape.php(21): CodeIgniter\Debug\Exceptions->errorHandler()
 2 SYSTEMPATH/View/View.php(228): include('/home/2023DIFAL3/e22206510/public_html/V1/ci/app/Views/affichage_1ere_etape.php')
 3 SYSTEMPATH/View/View.php(231): CodeIgniter\View\View->CodeIgniter\View\{closure}()
 4 SYSTEMPATH/Common.php(1190): CodeIgniter\View\View->render()
 5 APPPATH/Controllers/Scenario.php(37): view()
 6 SYSTEMPATH/CodeIgniter.php(942): App\Controllers\Scenario->afficher_1ere_etape()
 7 SYSTEMPATH/CodeIgniter.php(502): CodeIgniter\CodeIgniter->runController()
 8 SYSTEMPATH/CodeIgniter.php(361): CodeIgniter\CodeIgniter->handleRequest()
 9 FCPATH/index.php(79): CodeIgniter\CodeIgniter->run()
CRITICAL - 2023-11-14 11:58:18 --> Trying to get property 'etp_intitule' of non-object
in APPPATH/Views/affichage_1ere_etape.php on line 29.
 1 APPPATH/Views/affichage_1ere_etape.php(29): CodeIgniter\Debug\Exceptions->errorHandler()
 2 SYSTEMPATH/View/View.php(228): include('/home/2023DIFAL3/e22206510/public_html/V1/ci/app/Views/affichage_1ere_etape.php')
 3 SYSTEMPATH/View/View.php(231): CodeIgniter\View\View->CodeIgniter\View\{closure}()
 4 SYSTEMPATH/Common.php(1190): CodeIgniter\View\View->render()
 5 APPPATH/Controllers/Scenario.php(37): view()
 6 SYSTEMPATH/CodeIgniter.php(942): App\Controllers\Scenario->afficher_1ere_etape()
 7 SYSTEMPATH/CodeIgniter.php(502): CodeIgniter\CodeIgniter->runController()
 8 SYSTEMPATH/CodeIgniter.php(361): CodeIgniter\CodeIgniter->handleRequest()
 9 FCPATH/index.php(79): CodeIgniter\CodeIgniter->run()
CRITICAL - 2023-11-14 11:58:19 --> Trying to get property 'etp_intitule' of non-object
in APPPATH/Views/affichage_1ere_etape.php on line 29.
 1 APPPATH/Views/affichage_1ere_etape.php(29): CodeIgniter\Debug\Exceptions->errorHandler()
 2 SYSTEMPATH/View/View.php(228): include('/home/2023DIFAL3/e22206510/public_html/V1/ci/app/Views/affichage_1ere_etape.php')
 3 SYSTEMPATH/View/View.php(231): CodeIgniter\View\View->CodeIgniter\View\{closure}()
 4 SYSTEMPATH/Common.php(1190): CodeIgniter\View\View->render()
 5 APPPATH/Controllers/Scenario.php(37): view()
 6 SYSTEMPATH/CodeIgniter.php(942): App\Controllers\Scenario->afficher_1ere_etape()
 7 SYSTEMPATH/CodeIgniter.php(502): CodeIgniter\CodeIgniter->runController()
 8 SYSTEMPATH/CodeIgniter.php(361): CodeIgniter\CodeIgniter->handleRequest()
 9 FCPATH/index.php(79): CodeIgniter\CodeIgniter->run()
CRITICAL - 2023-11-14 11:58:34 --> Trying to get property 'rsc_url' of non-object
in APPPATH/Views/affichage_1ere_etape.php on line 21.
 1 APPPATH/Views/affichage_1ere_etape.php(21): CodeIgniter\Debug\Exceptions->errorHandler()
 2 SYSTEMPATH/View/View.php(228): include('/home/2023DIFAL3/e22206510/public_html/V1/ci/app/Views/affichage_1ere_etape.php')
 3 SYSTEMPATH/View/View.php(231): CodeIgniter\View\View->CodeIgniter\View\{closure}()
 4 SYSTEMPATH/Common.php(1190): CodeIgniter\View\View->render()
 5 APPPATH/Controllers/Scenario.php(37): view()
 6 SYSTEMPATH/CodeIgniter.php(942): App\Controllers\Scenario->afficher_1ere_etape()
 7 SYSTEMPATH/CodeIgniter.php(502): CodeIgniter\CodeIgniter->runController()
 8 SYSTEMPATH/CodeIgniter.php(361): CodeIgniter\CodeIgniter->handleRequest()
 9 FCPATH/index.php(79): CodeIgniter\CodeIgniter->run()
CRITICAL - 2023-11-14 11:59:12 --> Trying to get property 'rsc_url' of non-object
in APPPATH/Views/affichage_1ere_etape.php on line 21.
 1 APPPATH/Views/affichage_1ere_etape.php(21): CodeIgniter\Debug\Exceptions->errorHandler()
 2 SYSTEMPATH/View/View.php(228): include('/home/2023DIFAL3/e22206510/public_html/V1/ci/app/Views/affichage_1ere_etape.php')
 3 SYSTEMPATH/View/View.php(231): CodeIgniter\View\View->CodeIgniter\View\{closure}()
 4 SYSTEMPATH/Common.php(1190): CodeIgniter\View\View->render()
 5 APPPATH/Controllers/Scenario.php(37): view()
 6 SYSTEMPATH/CodeIgniter.php(942): App\Controllers\Scenario->afficher_1ere_etape()
 7 SYSTEMPATH/CodeIgniter.php(502): CodeIgniter\CodeIgniter->runController()
 8 SYSTEMPATH/CodeIgniter.php(361): CodeIgniter\CodeIgniter->handleRequest()
 9 FCPATH/index.php(79): CodeIgniter\CodeIgniter->run()
CRITICAL - 2023-11-14 12:00:16 --> Trying to get property 'rsc_url' of non-object
in APPPATH/Views/affichage_1ere_etape.php on line 21.
 1 APPPATH/Views/affichage_1ere_etape.php(21): CodeIgniter\Debug\Exceptions->errorHandler()
 2 SYSTEMPATH/View/View.php(228): include('/home/2023DIFAL3/e22206510/public_html/V1/ci/app/Views/affichage_1ere_etape.php')
 3 SYSTEMPATH/View/View.php(231): CodeIgniter\View\View->CodeIgniter\View\{closure}()
 4 SYSTEMPATH/Common.php(1190): CodeIgniter\View\View->render()
 5 APPPATH/Controllers/Scenario.php(37): view()
 6 SYSTEMPATH/CodeIgniter.php(942): App\Controllers\Scenario->afficher_1ere_etape()
 7 SYSTEMPATH/CodeIgniter.php(502): CodeIgniter\CodeIgniter->runController()
 8 SYSTEMPATH/CodeIgniter.php(361): CodeIgniter\CodeIgniter->handleRequest()
 9 FCPATH/index.php(79): CodeIgniter\CodeIgniter->run()
CRITICAL - 2023-11-14 12:00:21 --> Trying to get property 'rsc_url' of non-object
in APPPATH/Views/affichage_1ere_etape.php on line 21.
 1 APPPATH/Views/affichage_1ere_etape.php(21): CodeIgniter\Debug\Exceptions->errorHandler()
 2 SYSTEMPATH/View/View.php(228): include('/home/2023DIFAL3/e22206510/public_html/V1/ci/app/Views/affichage_1ere_etape.php')
 3 SYSTEMPATH/View/View.php(231): CodeIgniter\View\View->CodeIgniter\View\{closure}()
 4 SYSTEMPATH/Common.php(1190): CodeIgniter\View\View->render()
 5 APPPATH/Controllers/Scenario.php(37): view()
 6 SYSTEMPATH/CodeIgniter.php(942): App\Controllers\Scenario->afficher_1ere_etape()
 7 SYSTEMPATH/CodeIgniter.php(502): CodeIgniter\CodeIgniter->runController()
 8 SYSTEMPATH/CodeIgniter.php(361): CodeIgniter\CodeIgniter->handleRequest()
 9 FCPATH/index.php(79): CodeIgniter\CodeIgniter->run()
CRITICAL - 2023-11-14 12:00:25 --> Trying to get property 'rsc_url' of non-object
in APPPATH/Views/affichage_1ere_etape.php on line 21.
 1 APPPATH/Views/affichage_1ere_etape.php(21): CodeIgniter\Debug\Exceptions->errorHandler()
 2 SYSTEMPATH/View/View.php(228): include('/home/2023DIFAL3/e22206510/public_html/V1/ci/app/Views/affichage_1ere_etape.php')
 3 SYSTEMPATH/View/View.php(231): CodeIgniter\View\View->CodeIgniter\View\{closure}()
 4 SYSTEMPATH/Common.php(1190): CodeIgniter\View\View->render()
 5 APPPATH/Controllers/Scenario.php(37): view()
 6 SYSTEMPATH/CodeIgniter.php(942): App\Controllers\Scenario->afficher_1ere_etape()
 7 SYSTEMPATH/CodeIgniter.php(502): CodeIgniter\CodeIgniter->runController()
 8 SYSTEMPATH/CodeIgniter.php(361): CodeIgniter\CodeIgniter->handleRequest()
 9 FCPATH/index.php(79): CodeIgniter\CodeIgniter->run()
CRITICAL - 2023-11-14 12:00:31 --> Trying to get property 'rsc_url' of non-object
in APPPATH/Views/affichage_1ere_etape.php on line 21.
 1 APPPATH/Views/affichage_1ere_etape.php(21): CodeIgniter\Debug\Exceptions->errorHandler()
 2 SYSTEMPATH/View/View.php(228): include('/home/2023DIFAL3/e22206510/public_html/V1/ci/app/Views/affichage_1ere_etape.php')
 3 SYSTEMPATH/View/View.php(231): CodeIgniter\View\View->CodeIgniter\View\{closure}()
 4 SYSTEMPATH/Common.php(1190): CodeIgniter\View\View->render()
 5 APPPATH/Controllers/Scenario.php(37): view()
 6 SYSTEMPATH/CodeIgniter.php(942): App\Controllers\Scenario->afficher_1ere_etape()
 7 SYSTEMPATH/CodeIgniter.php(502): CodeIgniter\CodeIgniter->runController()
 8 SYSTEMPATH/CodeIgniter.php(361): CodeIgniter\CodeIgniter->handleRequest()
 9 FCPATH/index.php(79): CodeIgniter\CodeIgniter->run()
CRITICAL - 2023-11-14 12:00:35 --> Trying to get property 'rsc_url' of non-object
in APPPATH/Views/affichage_1ere_etape.php on line 21.
 1 APPPATH/Views/affichage_1ere_etape.php(21): CodeIgniter\Debug\Exceptions->errorHandler()
 2 SYSTEMPATH/View/View.php(228): include('/home/2023DIFAL3/e22206510/public_html/V1/ci/app/Views/affichage_1ere_etape.php')
 3 SYSTEMPATH/View/View.php(231): CodeIgniter\View\View->CodeIgniter\View\{closure}()
 4 SYSTEMPATH/Common.php(1190): CodeIgniter\View\View->render()
 5 APPPATH/Controllers/Scenario.php(37): view()
 6 SYSTEMPATH/CodeIgniter.php(942): App\Controllers\Scenario->afficher_1ere_etape()
 7 SYSTEMPATH/CodeIgniter.php(502): CodeIgniter\CodeIgniter->runController()
 8 SYSTEMPATH/CodeIgniter.php(361): CodeIgniter\CodeIgniter->handleRequest()
 9 FCPATH/index.php(79): CodeIgniter\CodeIgniter->run()
CRITICAL - 2023-11-14 12:01:15 --> Trying to get property 'rsc_url' of non-object
in APPPATH/Views/affichage_1ere_etape.php on line 21.
 1 APPPATH/Views/affichage_1ere_etape.php(21): CodeIgniter\Debug\Exceptions->errorHandler()
 2 SYSTEMPATH/View/View.php(228): include('/home/2023DIFAL3/e22206510/public_html/V1/ci/app/Views/affichage_1ere_etape.php')
 3 SYSTEMPATH/View/View.php(231): CodeIgniter\View\View->CodeIgniter\View\{closure}()
 4 SYSTEMPATH/Common.php(1190): CodeIgniter\View\View->render()
 5 APPPATH/Controllers/Scenario.php(37): view()
 6 SYSTEMPATH/CodeIgniter.php(942): App\Controllers\Scenario->afficher_1ere_etape()
 7 SYSTEMPATH/CodeIgniter.php(502): CodeIgniter\CodeIgniter->runController()
 8 SYSTEMPATH/CodeIgniter.php(361): CodeIgniter\CodeIgniter->handleRequest()
 9 FCPATH/index.php(79): CodeIgniter\CodeIgniter->run()
CRITICAL - 2023-11-14 12:01:27 --> Trying to get property 'rsc_url' of non-object
in APPPATH/Views/affichage_1ere_etape.php on line 21.
 1 APPPATH/Views/affichage_1ere_etape.php(21): CodeIgniter\Debug\Exceptions->errorHandler()
 2 SYSTEMPATH/View/View.php(228): include('/home/2023DIFAL3/e22206510/public_html/V1/ci/app/Views/affichage_1ere_etape.php')
 3 SYSTEMPATH/View/View.php(231): CodeIgniter\View\View->CodeIgniter\View\{closure}()
 4 SYSTEMPATH/Common.php(1190): CodeIgniter\View\View->render()
 5 APPPATH/Controllers/Scenario.php(37): view()
 6 SYSTEMPATH/CodeIgniter.php(942): App\Controllers\Scenario->afficher_1ere_etape()
 7 SYSTEMPATH/CodeIgniter.php(502): CodeIgniter\CodeIgniter->runController()
 8 SYSTEMPATH/CodeIgniter.php(361): CodeIgniter\CodeIgniter->handleRequest()
 9 FCPATH/index.php(79): CodeIgniter\CodeIgniter->run()
CRITICAL - 2023-11-14 12:06:19 --> Trying to get property 'rsc_url' of non-object
in APPPATH/Views/affichage_1ere_etape.php on line 21.
 1 APPPATH/Views/affichage_1ere_etape.php(21): CodeIgniter\Debug\Exceptions->errorHandler()
 2 SYSTEMPATH/View/View.php(228): include('/home/2023DIFAL3/e22206510/public_html/V1/ci/app/Views/affichage_1ere_etape.php')
 3 SYSTEMPATH/View/View.php(231): CodeIgniter\View\View->CodeIgniter\View\{closure}()
 4 SYSTEMPATH/Common.php(1190): CodeIgniter\View\View->render()
 5 APPPATH/Controllers/Scenario.php(37): view()
 6 SYSTEMPATH/CodeIgniter.php(942): App\Controllers\Scenario->afficher_1ere_etape()
 7 SYSTEMPATH/CodeIgniter.php(502): CodeIgniter\CodeIgniter->runController()
 8 SYSTEMPATH/CodeIgniter.php(361): CodeIgniter\CodeIgniter->handleRequest()
 9 FCPATH/index.php(79): CodeIgniter\CodeIgniter->run()
CRITICAL - 2023-11-14 12:06:26 --> Trying to get property 'rsc_url' of non-object
in APPPATH/Views/affichage_1ere_etape.php on line 21.
 1 APPPATH/Views/affichage_1ere_etape.php(21): CodeIgniter\Debug\Exceptions->errorHandler()
 2 SYSTEMPATH/View/View.php(228): include('/home/2023DIFAL3/e22206510/public_html/V1/ci/app/Views/affichage_1ere_etape.php')
 3 SYSTEMPATH/View/View.php(231): CodeIgniter\View\View->CodeIgniter\View\{closure}()
 4 SYSTEMPATH/Common.php(1190): CodeIgniter\View\View->render()
 5 APPPATH/Controllers/Scenario.php(37): view()
 6 SYSTEMPATH/CodeIgniter.php(942): App\Controllers\Scenario->afficher_1ere_etape()
 7 SYSTEMPATH/CodeIgniter.php(502): CodeIgniter\CodeIgniter->runController()
 8 SYSTEMPATH/CodeIgniter.php(361): CodeIgniter\CodeIgniter->handleRequest()
 9 FCPATH/index.php(79): CodeIgniter\CodeIgniter->run()
CRITICAL - 2023-11-14 12:06:32 --> Trying to get property 'rsc_url' of non-object
in APPPATH/Views/affichage_1ere_etape.php on line 21.
 1 APPPATH/Views/affichage_1ere_etape.php(21): CodeIgniter\Debug\Exceptions->errorHandler()
 2 SYSTEMPATH/View/View.php(228): include('/home/2023DIFAL3/e22206510/public_html/V1/ci/app/Views/affichage_1ere_etape.php')
 3 SYSTEMPATH/View/View.php(231): CodeIgniter\View\View->CodeIgniter\View\{closure}()
 4 SYSTEMPATH/Common.php(1190): CodeIgniter\View\View->render()
 5 APPPATH/Controllers/Scenario.php(37): view()
 6 SYSTEMPATH/CodeIgniter.php(942): App\Controllers\Scenario->afficher_1ere_etape()
 7 SYSTEMPATH/CodeIgniter.php(502): CodeIgniter\CodeIgniter->runController()
 8 SYSTEMPATH/CodeIgniter.php(361): CodeIgniter\CodeIgniter->handleRequest()
 9 FCPATH/index.php(79): CodeIgniter\CodeIgniter->run()
CRITICAL - 2023-11-14 12:08:14 --> Trying to get property 'rsc_url' of non-object
in APPPATH/Views/affichage_1ere_etape.php on line 21.
 1 APPPATH/Views/affichage_1ere_etape.php(21): CodeIgniter\Debug\Exceptions->errorHandler()
 2 SYSTEMPATH/View/View.php(228): include('/home/2023DIFAL3/e22206510/public_html/V1/ci/app/Views/affichage_1ere_etape.php')
 3 SYSTEMPATH/View/View.php(231): CodeIgniter\View\View->CodeIgniter\View\{closure}()
 4 SYSTEMPATH/Common.php(1190): CodeIgniter\View\View->render()
 5 APPPATH/Controllers/Scenario.php(37): view()
 6 SYSTEMPATH/CodeIgniter.php(942): App\Controllers\Scenario->afficher_1ere_etape()
 7 SYSTEMPATH/CodeIgniter.php(502): CodeIgniter\CodeIgniter->runController()
 8 SYSTEMPATH/CodeIgniter.php(361): CodeIgniter\CodeIgniter->handleRequest()
 9 FCPATH/index.php(79): CodeIgniter\CodeIgniter->run()
CRITICAL - 2023-11-14 12:09:44 --> Trying to get property 'rsc_url' of non-object
in APPPATH/Views/affichage_1ere_etape.php on line 21.
 1 APPPATH/Views/affichage_1ere_etape.php(21): CodeIgniter\Debug\Exceptions->errorHandler()
 2 SYSTEMPATH/View/View.php(228): include('/home/2023DIFAL3/e22206510/public_html/V1/ci/app/Views/affichage_1ere_etape.php')
 3 SYSTEMPATH/View/View.php(231): CodeIgniter\View\View->CodeIgniter\View\{closure}()
 4 SYSTEMPATH/Common.php(1190): CodeIgniter\View\View->render()
 5 APPPATH/Controllers/Scenario.php(37): view()
 6 SYSTEMPATH/CodeIgniter.php(942): App\Controllers\Scenario->afficher_1ere_etape()
 7 SYSTEMPATH/CodeIgniter.php(502): CodeIgniter\CodeIgniter->runController()
 8 SYSTEMPATH/CodeIgniter.php(361): CodeIgniter\CodeIgniter->handleRequest()
 9 FCPATH/index.php(79): CodeIgniter\CodeIgniter->run()
CRITICAL - 2023-11-14 12:11:01 --> Trying to get property 'rsc_url' of non-object
in APPPATH/Views/affichage_1ere_etape.php on line 21.
 1 APPPATH/Views/affichage_1ere_etape.php(21): CodeIgniter\Debug\Exceptions->errorHandler()
 2 SYSTEMPATH/View/View.php(228): include('/home/2023DIFAL3/e22206510/public_html/V1/ci/app/Views/affichage_1ere_etape.php')
 3 SYSTEMPATH/View/View.php(231): CodeIgniter\View\View->CodeIgniter\View\{closure}()
 4 SYSTEMPATH/Common.php(1190): CodeIgniter\View\View->render()
 5 APPPATH/Controllers/Scenario.php(37): view()
 6 SYSTEMPATH/CodeIgniter.php(942): App\Controllers\Scenario->afficher_1ere_etape()
 7 SYSTEMPATH/CodeIgniter.php(502): CodeIgniter\CodeIgniter->runController()
 8 SYSTEMPATH/CodeIgniter.php(361): CodeIgniter\CodeIgniter->handleRequest()
 9 FCPATH/index.php(79): CodeIgniter\CodeIgniter->run()
CRITICAL - 2023-11-14 12:11:06 --> Trying to get property 'rsc_url' of non-object
in APPPATH/Views/affichage_1ere_etape.php on line 21.
 1 APPPATH/Views/affichage_1ere_etape.php(21): CodeIgniter\Debug\Exceptions->errorHandler()
 2 SYSTEMPATH/View/View.php(228): include('/home/2023DIFAL3/e22206510/public_html/V1/ci/app/Views/affichage_1ere_etape.php')
 3 SYSTEMPATH/View/View.php(231): CodeIgniter\View\View->CodeIgniter\View\{closure}()
 4 SYSTEMPATH/Common.php(1190): CodeIgniter\View\View->render()
 5 APPPATH/Controllers/Scenario.php(37): view()
 6 SYSTEMPATH/CodeIgniter.php(942): App\Controllers\Scenario->afficher_1ere_etape()
 7 SYSTEMPATH/CodeIgniter.php(502): CodeIgniter\CodeIgniter->runController()
 8 SYSTEMPATH/CodeIgniter.php(361): CodeIgniter\CodeIgniter->handleRequest()
 9 FCPATH/index.php(79): CodeIgniter\CodeIgniter->run()
CRITICAL - 2023-11-14 12:18:15 --> Trying to get property 'rsc_url' of non-object
in APPPATH/Views/affichage_1ere_etape.php on line 21.
 1 APPPATH/Views/affichage_1ere_etape.php(21): CodeIgniter\Debug\Exceptions->errorHandler()
 2 SYSTEMPATH/View/View.php(228): include('/home/2023DIFAL3/e22206510/public_html/V1/ci/app/Views/affichage_1ere_etape.php')
 3 SYSTEMPATH/View/View.php(231): CodeIgniter\View\View->CodeIgniter\View\{closure}()
 4 SYSTEMPATH/Common.php(1190): CodeIgniter\View\View->render()
 5 APPPATH/Controllers/Scenario.php(37): view()
 6 SYSTEMPATH/CodeIgniter.php(942): App\Controllers\Scenario->afficher_1ere_etape()
 7 SYSTEMPATH/CodeIgniter.php(502): CodeIgniter\CodeIgniter->runController()
 8 SYSTEMPATH/CodeIgniter.php(361): CodeIgniter\CodeIgniter->handleRequest()
 9 FCPATH/index.php(79): CodeIgniter\CodeIgniter->run()
CRITICAL - 2023-11-14 12:18:23 --> Trying to get property 'rsc_url' of non-object
in APPPATH/Views/affichage_1ere_etape.php on line 21.
 1 APPPATH/Views/affichage_1ere_etape.php(21): CodeIgniter\Debug\Exceptions->errorHandler()
 2 SYSTEMPATH/View/View.php(228): include('/home/2023DIFAL3/e22206510/public_html/V1/ci/app/Views/affichage_1ere_etape.php')
 3 SYSTEMPATH/View/View.php(231): CodeIgniter\View\View->CodeIgniter\View\{closure}()
 4 SYSTEMPATH/Common.php(1190): CodeIgniter\View\View->render()
 5 APPPATH/Controllers/Scenario.php(37): view()
 6 SYSTEMPATH/CodeIgniter.php(942): App\Controllers\Scenario->afficher_1ere_etape()
 7 SYSTEMPATH/CodeIgniter.php(502): CodeIgniter\CodeIgniter->runController()
 8 SYSTEMPATH/CodeIgniter.php(361): CodeIgniter\CodeIgniter->handleRequest()
 9 FCPATH/index.php(79): CodeIgniter\CodeIgniter->run()
CRITICAL - 2023-11-14 12:35:24 --> Trying to get property 'etp_intitule' of non-object
in APPPATH/Views/affichage_1ere_etape.php on line 20.
 1 APPPATH/Views/affichage_1ere_etape.php(20): CodeIgniter\Debug\Exceptions->errorHandler()
 2 SYSTEMPATH/View/View.php(228): include('/home/2023DIFAL3/e22206510/public_html/V1/ci/app/Views/affichage_1ere_etape.php')
 3 SYSTEMPATH/View/View.php(231): CodeIgniter\View\View->CodeIgniter\View\{closure}()
 4 SYSTEMPATH/Common.php(1190): CodeIgniter\View\View->render()
 5 APPPATH/Controllers/Scenario.php(37): view()
 6 SYSTEMPATH/CodeIgniter.php(942): App\Controllers\Scenario->afficher_1ere_etape()
 7 SYSTEMPATH/CodeIgniter.php(502): CodeIgniter\CodeIgniter->runController()
 8 SYSTEMPATH/CodeIgniter.php(361): CodeIgniter\CodeIgniter->handleRequest()
 9 FCPATH/index.php(79): CodeIgniter\CodeIgniter->run()
CRITICAL - 2023-11-14 12:49:56 --> Trying to get property 'etp_intitule' of non-object
in APPPATH/Views/affichage_1ere_etape.php on line 20.
 1 APPPATH/Views/affichage_1ere_etape.php(20): CodeIgniter\Debug\Exceptions->errorHandler()
 2 SYSTEMPATH/View/View.php(228): include('/home/2023DIFAL3/e22206510/public_html/V1/ci/app/Views/affichage_1ere_etape.php')
 3 SYSTEMPATH/View/View.php(231): CodeIgniter\View\View->CodeIgniter\View\{closure}()
 4 SYSTEMPATH/Common.php(1190): CodeIgniter\View\View->render()
 5 APPPATH/Controllers/Scenario.php(37): view()
 6 SYSTEMPATH/CodeIgniter.php(942): App\Controllers\Scenario->afficher_1ere_etape()
 7 SYSTEMPATH/CodeIgniter.php(502): CodeIgniter\CodeIgniter->runController()
 8 SYSTEMPATH/CodeIgniter.php(361): CodeIgniter\CodeIgniter->handleRequest()
 9 FCPATH/index.php(79): CodeIgniter\CodeIgniter->run()
CRITICAL - 2023-11-14 12:54:08 --> Trying to get property 'etp_intitule' of non-object
in APPPATH/Views/affichage_1ere_etape.php on line 20.
 1 APPPATH/Views/affichage_1ere_etape.php(20): CodeIgniter\Debug\Exceptions->errorHandler()
 2 SYSTEMPATH/View/View.php(228): include('/home/2023DIFAL3/e22206510/public_html/V1/ci/app/Views/affichage_1ere_etape.php')
 3 SYSTEMPATH/View/View.php(231): CodeIgniter\View\View->CodeIgniter\View\{closure}()
 4 SYSTEMPATH/Common.php(1190): CodeIgniter\View\View->render()
 5 APPPATH/Controllers/Scenario.php(37): view()
 6 SYSTEMPATH/CodeIgniter.php(942): App\Controllers\Scenario->afficher_1ere_etape()
 7 SYSTEMPATH/CodeIgniter.php(502): CodeIgniter\CodeIgniter->runController()
 8 SYSTEMPATH/CodeIgniter.php(361): CodeIgniter\CodeIgniter->handleRequest()
 9 FCPATH/index.php(79): CodeIgniter\CodeIgniter->run()
CRITICAL - 2023-11-14 13:36:16 --> Argument 3 passed to form_open() must be of the type array, string given, called in /home/2023DIFAL3/e22206510/public_html/V1/ci/app/Views/compte/compte_creer.php on line 20
in SYSTEMPATH/Helpers/form_helper.php on line 29.
 1 APPPATH/Views/compte/compte_creer.php(20): form_open()
 2 SYSTEMPATH/View/View.php(228): include('/home/2023DIFAL3/e22206510/public_html/V1/ci/app/Views/compte/compte_creer.php')
 3 SYSTEMPATH/View/View.php(231): CodeIgniter\View\View->CodeIgniter\View\{closure}()
 4 SYSTEMPATH/Common.php(1190): CodeIgniter\View\View->render()
 5 APPPATH/Controllers/Compte.php(52): view()
 6 SYSTEMPATH/CodeIgniter.php(942): App\Controllers\Compte->creer()
 7 SYSTEMPATH/CodeIgniter.php(502): CodeIgniter\CodeIgniter->runController()
 8 SYSTEMPATH/CodeIgniter.php(361): CodeIgniter\CodeIgniter->handleRequest()
 9 FCPATH/index.php(79): CodeIgniter\CodeIgniter->run()
CRITICAL - 2023-11-14 13:44:22 --> Trying to get property 'etp_intitule' of non-object
in APPPATH/Views/affichage_1ere_etape.php on line 20.
 1 APPPATH/Views/affichage_1ere_etape.php(20): CodeIgniter\Debug\Exceptions->errorHandler()
 2 SYSTEMPATH/View/View.php(228): include('/home/2023DIFAL3/e22206510/public_html/V1/ci/app/Views/affichage_1ere_etape.php')
 3 SYSTEMPATH/View/View.php(231): CodeIgniter\View\View->CodeIgniter\View\{closure}()
 4 SYSTEMPATH/Common.php(1190): CodeIgniter\View\View->render()
 5 APPPATH/Controllers/Scenario.php(37): view()
 6 SYSTEMPATH/CodeIgniter.php(942): App\Controllers\Scenario->afficher_1ere_etape()
 7 SYSTEMPATH/CodeIgniter.php(502): CodeIgniter\CodeIgniter->runController()
 8 SYSTEMPATH/CodeIgniter.php(361): CodeIgniter\CodeIgniter->handleRequest()
 9 FCPATH/index.php(79): CodeIgniter\CodeIgniter->run()
CRITICAL - 2023-11-14 13:45:40 --> Call to undefined function form_open()
in APPPATH/Views/compte/compte_creer.php on line 20.
 1 SYSTEMPATH/View/View.php(228): include()
 2 SYSTEMPATH/View/View.php(231): CodeIgniter\View\View->CodeIgniter\View\{closure}()
 3 SYSTEMPATH/Common.php(1190): CodeIgniter\View\View->render()
 4 APPPATH/Controllers/Compte.php(52): view()
 5 SYSTEMPATH/CodeIgniter.php(942): App\Controllers\Compte->creer()
 6 SYSTEMPATH/CodeIgniter.php(502): CodeIgniter\CodeIgniter->runController()
 7 SYSTEMPATH/CodeIgniter.php(361): CodeIgniter\CodeIgniter->handleRequest()
 8 FCPATH/index.php(79): CodeIgniter\CodeIgniter->run()
CRITICAL - 2023-11-14 13:46:08 --> Call to undefined function form_open()
in APPPATH/Views/compte/compte_creer.php on line 20.
 1 SYSTEMPATH/View/View.php(228): include()
 2 SYSTEMPATH/View/View.php(231): CodeIgniter\View\View->CodeIgniter\View\{closure}()
 3 SYSTEMPATH/Common.php(1190): CodeIgniter\View\View->render()
 4 APPPATH/Controllers/Compte.php(52): view()
 5 SYSTEMPATH/CodeIgniter.php(942): App\Controllers\Compte->creer()
 6 SYSTEMPATH/CodeIgniter.php(502): CodeIgniter\CodeIgniter->runController()
 7 SYSTEMPATH/CodeIgniter.php(361): CodeIgniter\CodeIgniter->handleRequest()
 8 FCPATH/index.php(79): CodeIgniter\CodeIgniter->run()
CRITICAL - 2023-11-14 13:46:14 --> Call to undefined function form_open()
in APPPATH/Views/compte/compte_creer.php on line 20.
 1 SYSTEMPATH/View/View.php(228): include()
 2 SYSTEMPATH/View/View.php(231): CodeIgniter\View\View->CodeIgniter\View\{closure}()
 3 SYSTEMPATH/Common.php(1190): CodeIgniter\View\View->render()
 4 APPPATH/Controllers/Compte.php(52): view()
 5 SYSTEMPATH/CodeIgniter.php(942): App\Controllers\Compte->creer()
 6 SYSTEMPATH/CodeIgniter.php(502): CodeIgniter\CodeIgniter->runController()
 7 SYSTEMPATH/CodeIgniter.php(361): CodeIgniter\CodeIgniter->handleRequest()
 8 FCPATH/index.php(79): CodeIgniter\CodeIgniter->run()
CRITICAL - 2023-11-14 13:46:41 --> Call to undefined function form_open()
in APPPATH/Views/compte/compte_creer.php on line 20.
 1 SYSTEMPATH/View/View.php(228): include()
 2 SYSTEMPATH/View/View.php(231): CodeIgniter\View\View->CodeIgniter\View\{closure}()
 3 SYSTEMPATH/Common.php(1190): CodeIgniter\View\View->render()
 4 APPPATH/Controllers/Compte.php(52): view()
 5 SYSTEMPATH/CodeIgniter.php(942): App\Controllers\Compte->creer()
 6 SYSTEMPATH/CodeIgniter.php(502): CodeIgniter\CodeIgniter->runController()
 7 SYSTEMPATH/CodeIgniter.php(361): CodeIgniter\CodeIgniter->handleRequest()
 8 FCPATH/index.php(79): CodeIgniter\CodeIgniter->run()
CRITICAL - 2023-11-14 13:57:57 --> You must set the database table to be used with your query.
in SYSTEMPATH/Database/BaseConnection.php on line 884.
 1 SYSTEMPATH/Model.php(635): CodeIgniter\Database\BaseConnection->table()
 2 SYSTEMPATH/Model.php(863): CodeIgniter\Model->builder()
 3 APPPATH/Controllers/Compte.php(45): CodeIgniter\Model->__call()
 4 SYSTEMPATH/CodeIgniter.php(942): App\Controllers\Compte->creer()
 5 SYSTEMPATH/CodeIgniter.php(502): CodeIgniter\CodeIgniter->runController()
 6 SYSTEMPATH/CodeIgniter.php(361): CodeIgniter\CodeIgniter->handleRequest()
 7 FCPATH/index.php(79): CodeIgniter\CodeIgniter->run()
ERROR - 2023-11-14 13:58:34 --> mysqli_sql_exception: Duplicate entry 'testpseudo' for key 'cpt_login_UNIQUE' in /home/2023DIFAL3/e22206510/public_html/V1/ci/system/Database/MySQLi/Connection.php:306
Stack trace:
#0 /home/2023DIFAL3/e22206510/public_html/V1/ci/system/Database/MySQLi/Connection.php(306): mysqli->query()
#1 /home/2023DIFAL3/e22206510/public_html/V1/ci/system/Database/BaseConnection.php(693): CodeIgniter\Database\MySQLi\Connection->execute()
#2 /home/2023DIFAL3/e22206510/public_html/V1/ci/system/Database/BaseConnection.php(607): CodeIgniter\Database\BaseConnection->simpleQuery()
#3 /home/2023DIFAL3/e22206510/public_html/V1/ci/app/Models/Db_model.php(36): CodeIgniter\Database\BaseConnection->query()
#4 /home/2023DIFAL3/e22206510/public_html/V1/ci/app/Controllers/Compte.php(41): App\Models\Db_model->set_compte()
#5 /home/2023DIFAL3/e22206510/public_html/V1/ci/system/CodeIgniter.php(942): App\Controllers\Compte->creer()
#6 /home/2023DIFAL3/e22206510/public_html/V1/ci/system/CodeIgniter.php(502): CodeIgniter\CodeIgniter->runController()
#7 /home/2023DIFAL3/e22206510/public_html/V1/ci/system/CodeIgniter.php(361): CodeIgniter\CodeIgniter->handleRequest()
#8 /home/2023DIFAL3/e22206510/public_html/V1/ci/public/index.php(79): CodeIgniter\CodeIgniter->run()
#9 {main}
CRITICAL - 2023-11-14 13:58:34 --> Duplicate entry 'testpseudo' for key 'cpt_login_UNIQUE'
in SYSTEMPATH/Database/BaseConnection.php on line 647.
 1 APPPATH/Models/Db_model.php(36): CodeIgniter\Database\BaseConnection->query()
 2 APPPATH/Controllers/Compte.php(41): App\Models\Db_model->set_compte()
 3 SYSTEMPATH/CodeIgniter.php(942): App\Controllers\Compte->creer()
 4 SYSTEMPATH/CodeIgniter.php(502): CodeIgniter\CodeIgniter->runController()
 5 SYSTEMPATH/CodeIgniter.php(361): CodeIgniter\CodeIgniter->handleRequest()
 6 FCPATH/index.php(79): CodeIgniter\CodeIgniter->run()
CRITICAL - 2023-11-14 13:58:51 --> You must set the database table to be used with your query.
in SYSTEMPATH/Database/BaseConnection.php on line 884.
 1 SYSTEMPATH/Model.php(635): CodeIgniter\Database\BaseConnection->table()
 2 SYSTEMPATH/Model.php(863): CodeIgniter\Model->builder()
 3 APPPATH/Controllers/Compte.php(45): CodeIgniter\Model->__call()
 4 SYSTEMPATH/CodeIgniter.php(942): App\Controllers\Compte->creer()
 5 SYSTEMPATH/CodeIgniter.php(502): CodeIgniter\CodeIgniter->runController()
 6 SYSTEMPATH/CodeIgniter.php(361): CodeIgniter\CodeIgniter->handleRequest()
 7 FCPATH/index.php(79): CodeIgniter\CodeIgniter->run()
