CRITICAL - 2023-10-26 07:27:00 --> Too few arguments to function App\Controllers\Accueil::afficher(), 0 passed in /home/2023DIFAL3/e22206510/public_html/V1/ci/system/CodeIgniter.php on line 942 and exactly 1 expected
in APPPATH/Controllers/Accueil.php on line 9.
 1 SYSTEMPATH/CodeIgniter.php(942): App\Controllers\Accueil->afficher()
 2 SYSTEMPATH/CodeIgniter.php(502): CodeIgniter\CodeIgniter->runController()
 3 SYSTEMPATH/CodeIgniter.php(361): CodeIgniter\CodeIgniter->handleRequest()
 4 FCPATH/index.php(79): CodeIgniter\CodeIgniter->run()
CRITICAL - 2023-10-26 07:27:00 --> Uncaught ErrorException: chmod() has been disabled for security reasons in /home/2023DIFAL3/e22206510/public_html/V1/ci/system/Log/Handlers/FileHandler.php:119
Stack trace:
#0 [internal function]: CodeIgniter\Debug\Exceptions->errorHandler()
#1 /home/2023DIFAL3/e22206510/public_html/V1/ci/system/Log/Handlers/FileHandler.php(119): chmod()
#2 /home/2023DIFAL3/e22206510/public_html/V1/ci/system/Log/Logger.php(294): CodeIgniter\Log\Handlers\FileHandler->handle()
#3 /home/2023DIFAL3/e22206510/public_html/V1/ci/system/Common.php(810): CodeIgniter\Log\Logger->log()
#4 /home/2023DIFAL3/e22206510/public_html/V1/ci/system/Debug/Exceptions.php(133): log_message()
#5 [internal function]: CodeIgniter\Debug\Exceptions->exceptionHandler()
#6 {main}
  thrown
ã€Previous Exceptionã€‘
ArgumentCountError
Too few arguments to function App\Controllers\Accueil::afficher(), 0 passed in /home/2023DIFAL3/e22206510/public_html/V1/ci/system/CodeIgniter.php on line 942 and exactly 1 expected
#0 /home/2023DIFAL3/e22206510/public_html/V1/ci/system/CodeIgniter.php(942): App\Controllers\Accueil->afficher()
#1 /home/2023DIFAL3/e22206510/public_html/V1/ci/system/CodeIgniter.php(502): CodeIgniter\CodeIgniter->runController()
#2 /home/2023DIFAL3/e22206510/public_html/V1/ci/system/CodeIgniter.php(361): CodeIgniter\CodeIgniter->handleRequest()
#3 /home/2023DIFAL3/e22206510/public_html/V1/ci/public/index.php(79): CodeIgniter\CodeIgniter->run()
#4 {main}
in SYSTEMPATH/Log/Handlers/FileHandler.php on line 119.
 1 [internal function]: CodeIgniter\Debug\Exceptions->shutdownHandler()
CRITICAL - 2023-10-26 07:27:27 --> Too few arguments to function App\Controllers\Accueil::afficher(), 0 passed in /home/2023DIFAL3/e22206510/public_html/V1/ci/system/CodeIgniter.php on line 942 and exactly 1 expected
in APPPATH/Controllers/Accueil.php on line 9.
 1 SYSTEMPATH/CodeIgniter.php(942): App\Controllers\Accueil->afficher()
 2 SYSTEMPATH/CodeIgniter.php(502): CodeIgniter\CodeIgniter->runController()
 3 SYSTEMPATH/CodeIgniter.php(361): CodeIgniter\CodeIgniter->handleRequest()
 4 FCPATH/index.php(79): CodeIgniter\CodeIgniter->run()
CRITICAL - 2023-10-26 07:36:59 --> Undefined class constant 'afficher'
in APPPATH/Config/Routes.php on line 9.
 1 SYSTEMPATH/Router/RouteCollection.php(344): require()
 2 SYSTEMPATH/CodeIgniter.php(810): CodeIgniter\Router\RouteCollection->loadRoutes()
 3 SYSTEMPATH/CodeIgniter.php(450): CodeIgniter\CodeIgniter->tryToRouteIt()
 4 SYSTEMPATH/CodeIgniter.php(361): CodeIgniter\CodeIgniter->handleRequest()
 5 FCPATH/index.php(79): CodeIgniter\CodeIgniter->run()
